{"C:\\Users\\yasin\\ne-izlesem\\App.tsx": {"path":"C:\\Users\\yasin\\ne-izlesem\\App.tsx","statementMap":{"0":{"start":{"line":5,"column":2},"end":{"line":10,"column":4}},"1":{"start":{"line":13,"column":15},"end":{"line":20,"column":2}}},"fnMap":{"0":{"name":"App","decl":{"start":{"line":4,"column":24},"end":{"line":4,"column":27}},"loc":{"start":{"line":4,"column":30},"end":{"line":11,"column":1}},"line":4}},"branchMap":{},"s":{"0":0,"1":0},"f":{"0":0},"b":{}}
,"C:\\Users\\yasin\\ne-izlesem\\index.ts": {"path":"C:\\Users\\yasin\\ne-izlesem\\index.ts","statementMap":{"0":{"start":{"line":8,"column":0},"end":{"line":8,"column":27}}},"fnMap":{},"branchMap":{},"s":{"0":0},"f":{},"b":{}}
,"C:\\Users\\yasin\\ne-izlesem\\app\\_layout.tsx": {"path":"C:\\Users\\yasin\\ne-izlesem\\app\\_layout.tsx","statementMap":{"0":{"start":{"line":9,"column":20},"end":{"line":9,"column":37}},"1":{"start":{"line":13,"column":32},"end":{"line":13,"column":42}},"2":{"start":{"line":15,"column":2},"end":{"line":34,"column":4}},"3":{"start":{"line":38,"column":2},"end":{"line":46,"column":4}}},"fnMap":{"0":{"name":"AppLayout","decl":{"start":{"line":12,"column":9},"end":{"line":12,"column":18}},"loc":{"start":{"line":12,"column":21},"end":{"line":35,"column":1}},"line":12},"1":{"name":"RootLayout","decl":{"start":{"line":37,"column":24},"end":{"line":37,"column":34}},"loc":{"start":{"line":37,"column":37},"end":{"line":47,"column":1}},"line":37}},"branchMap":{"0":{"loc":{"start":{"line":17,"column":24},"end":{"line":17,"column":53}},"type":"cond-expr","locations":[{"start":{"line":17,"column":37},"end":{"line":17,"column":44}},{"start":{"line":17,"column":47},"end":{"line":17,"column":53}}],"line":17}},"s":{"0":0,"1":0,"2":0,"3":0},"f":{"0":0,"1":0},"b":{"0":[0,0]}}
,"C:\\Users\\yasin\\ne-izlesem\\app\\index.tsx": {"path":"C:\\Users\\yasin\\ne-izlesem\\app\\index.tsx","statementMap":{"0":{"start":{"line":10,"column":20},"end":{"line":10,"column":30}},"1":{"start":{"line":11,"column":21},"end":{"line":11,"column":36}},"2":{"start":{"line":13,"column":2},"end":{"line":114,"column":4}},"3":{"start":{"line":19,"column":12},"end":{"line":31,"column":19}},"4":{"start":{"line":117,"column":15},"end":{"line":153,"column":2}}},"fnMap":{"0":{"name":"HomeScreen","decl":{"start":{"line":9,"column":24},"end":{"line":9,"column":34}},"loc":{"start":{"line":9,"column":37},"end":{"line":115,"column":1}},"line":9},"1":{"name":"(anonymous_1)","decl":{"start":{"line":18,"column":23},"end":{"line":18,"column":24}},"loc":{"start":{"line":19,"column":12},"end":{"line":31,"column":19}},"line":19},"2":{"name":"(anonymous_2)","decl":{"start":{"line":23,"column":25},"end":{"line":23,"column":26}},"loc":{"start":{"line":23,"column":31},"end":{"line":23,"column":33}},"line":23}},"branchMap":{"0":{"loc":{"start":{"line":35,"column":24},"end":{"line":35,"column":53}},"type":"cond-expr","locations":[{"start":{"line":35,"column":37},"end":{"line":35,"column":44}},{"start":{"line":35,"column":47},"end":{"line":35,"column":53}}],"line":35}},"s":{"0":0,"1":0,"2":0,"3":0,"4":0},"f":{"0":0,"1":0,"2":0},"b":{"0":[0,0]}}
,"C:\\Users\\yasin\\ne-izlesem\\app\\recommendations.tsx": {"path":"C:\\Users\\yasin\\ne-izlesem\\app\\recommendations.tsx","statementMap":{"0":{"start":{"line":13,"column":61},"end":{"line":18,"column":1}},"1":{"start":{"line":23,"column":20},"end":{"line":23,"column":30}},"2":{"start":{"line":24,"column":26},"end":{"line":24,"column":37}},"3":{"start":{"line":25,"column":48},"end":{"line":25,"column":87}},"4":{"start":{"line":26,"column":48},"end":{"line":26,"column":81}},"5":{"start":{"line":27,"column":58},"end":{"line":27,"column":73}},"6":{"start":{"line":28,"column":48},"end":{"line":28,"column":63}},"7":{"start":{"line":29,"column":38},"end":{"line":32,"column":4}},"8":{"start":{"line":35,"column":49},"end":{"line":35,"column":60}},"9":{"start":{"line":44,"column":6},"end":{"line":49,"column":3}},"10":{"start":{"line":52,"column":20},"end":{"line":52,"column":63}},"11":{"start":{"line":55,"column":2},"end":{"line":72,"column":62}},"12":{"start":{"line":56,"column":4},"end":{"line":61,"column":7}},"13":{"start":{"line":64,"column":4},"end":{"line":64,"column":15}},"14":{"start":{"line":67,"column":4},"end":{"line":70,"column":12}},"15":{"start":{"line":68,"column":6},"end":{"line":68,"column":60}},"16":{"start":{"line":69,"column":6},"end":{"line":69,"column":16}},"17":{"start":{"line":75,"column":2},"end":{"line":81,"column":30}},"18":{"start":{"line":76,"column":4},"end":{"line":80,"column":7}},"19":{"start":{"line":84,"column":2},"end":{"line":90,"column":41}},"20":{"start":{"line":85,"column":4},"end":{"line":89,"column":7}},"21":{"start":{"line":92,"column":28},"end":{"line":99,"column":8}},"22":{"start":{"line":94,"column":4},"end":{"line":98,"column":7}},"23":{"start":{"line":95,"column":25},"end":{"line":95,"column":70}},"24":{"start":{"line":96,"column":6},"end":{"line":96,"column":82}},"25":{"start":{"line":97,"column":6},"end":{"line":97,"column":24}},"26":{"start":{"line":101,"column":32},"end":{"line":104,"column":8}},"27":{"start":{"line":102,"column":4},"end":{"line":102,"column":29}},"28":{"start":{"line":103,"column":4},"end":{"line":103,"column":35}},"29":{"start":{"line":106,"column":27},"end":{"line":112,"column":8}},"30":{"start":{"line":107,"column":4},"end":{"line":110,"column":8}},"31":{"start":{"line":107,"column":27},"end":{"line":110,"column":5}},"32":{"start":{"line":111,"column":4},"end":{"line":111,"column":30}},"33":{"start":{"line":114,"column":23},"end":{"line":118,"column":3}},"34":{"start":{"line":115,"column":19},"end":{"line":115,"column":76}},"35":{"start":{"line":115,"column":44},"end":{"line":115,"column":75}},"36":{"start":{"line":116,"column":26},"end":{"line":116,"column":69}},"37":{"start":{"line":117,"column":4},"end":{"line":117,"column":53}},"38":{"start":{"line":121,"column":25},"end":{"line":125,"column":3}},"39":{"start":{"line":122,"column":4},"end":{"line":124,"column":5}},"40":{"start":{"line":123,"column":6},"end":{"line":123,"column":40}},"41":{"start":{"line":123,"column":26},"end":{"line":123,"column":38}},"42":{"start":{"line":127,"column":2},"end":{"line":136,"column":3}},"43":{"start":{"line":128,"column":4},"end":{"line":135,"column":6}},"44":{"start":{"line":138,"column":2},"end":{"line":149,"column":3}},"45":{"start":{"line":139,"column":4},"end":{"line":148,"column":6}},"46":{"start":{"line":144,"column":48},"end":{"line":144,"column":57}},"47":{"start":{"line":151,"column":28},"end":{"line":157,"column":3}},"48":{"start":{"line":152,"column":4},"end":{"line":156,"column":5}},"49":{"start":{"line":153,"column":20},"end":{"line":153,"column":73}},"50":{"start":{"line":154,"column":17},"end":{"line":154,"column":71}},"51":{"start":{"line":155,"column":15},"end":{"line":155,"column":65}},"52":{"start":{"line":159,"column":2},"end":{"line":286,"column":4}},"53":{"start":{"line":171,"column":31},"end":{"line":171,"column":61}},"54":{"start":{"line":175,"column":33},"end":{"line":175,"column":62}},"55":{"start":{"line":183,"column":31},"end":{"line":183,"column":60}},"56":{"start":{"line":187,"column":31},"end":{"line":187,"column":61}},"57":{"start":{"line":191,"column":31},"end":{"line":191,"column":58}},"58":{"start":{"line":203,"column":31},"end":{"line":203,"column":56}},"59":{"start":{"line":207,"column":33},"end":{"line":207,"column":57}},"60":{"start":{"line":215,"column":16},"end":{"line":221,"column":18}},"61":{"start":{"line":217,"column":33},"end":{"line":217,"column":63}},"62":{"start":{"line":240,"column":14},"end":{"line":248,"column":21}},"63":{"start":{"line":244,"column":31},"end":{"line":244,"column":57}},"64":{"start":{"line":250,"column":36},"end":{"line":250,"column":54}},"65":{"start":{"line":259,"column":36},"end":{"line":259,"column":61}},"66":{"start":{"line":260,"column":34},"end":{"line":260,"column":65}},"67":{"start":{"line":280,"column":50},"end":{"line":280,"column":59}},"68":{"start":{"line":289,"column":15},"end":{"line":364,"column":2}}},"fnMap":{"0":{"name":"RecommendationsScreen","decl":{"start":{"line":22,"column":24},"end":{"line":22,"column":45}},"loc":{"start":{"line":22,"column":48},"end":{"line":287,"column":1}},"line":22},"1":{"name":"(anonymous_1)","decl":{"start":{"line":55,"column":12},"end":{"line":55,"column":13}},"loc":{"start":{"line":55,"column":18},"end":{"line":72,"column":3}},"line":55},"2":{"name":"(anonymous_2)","decl":{"start":{"line":67,"column":15},"end":{"line":67,"column":16}},"loc":{"start":{"line":67,"column":21},"end":{"line":70,"column":5}},"line":67},"3":{"name":"(anonymous_3)","decl":{"start":{"line":75,"column":12},"end":{"line":75,"column":13}},"loc":{"start":{"line":75,"column":18},"end":{"line":81,"column":3}},"line":75},"4":{"name":"(anonymous_4)","decl":{"start":{"line":84,"column":12},"end":{"line":84,"column":13}},"loc":{"start":{"line":84,"column":18},"end":{"line":90,"column":3}},"line":84},"5":{"name":"(anonymous_5)","decl":{"start":{"line":92,"column":40},"end":{"line":92,"column":41}},"loc":{"start":{"line":92,"column":61},"end":{"line":99,"column":3}},"line":92},"6":{"name":"(anonymous_6)","decl":{"start":{"line":94,"column":23},"end":{"line":94,"column":24}},"loc":{"start":{"line":94,"column":38},"end":{"line":98,"column":5}},"line":94},"7":{"name":"(anonymous_7)","decl":{"start":{"line":101,"column":44},"end":{"line":101,"column":45}},"loc":{"start":{"line":101,"column":71},"end":{"line":104,"column":3}},"line":101},"8":{"name":"(anonymous_8)","decl":{"start":{"line":106,"column":39},"end":{"line":106,"column":40}},"loc":{"start":{"line":106,"column":63},"end":{"line":112,"column":3}},"line":106},"9":{"name":"(anonymous_9)","decl":{"start":{"line":107,"column":18},"end":{"line":107,"column":19}},"loc":{"start":{"line":107,"column":27},"end":{"line":110,"column":5}},"line":107},"10":{"name":"(anonymous_10)","decl":{"start":{"line":114,"column":23},"end":{"line":114,"column":24}},"loc":{"start":{"line":114,"column":29},"end":{"line":118,"column":3}},"line":114},"11":{"name":"(anonymous_11)","decl":{"start":{"line":115,"column":37},"end":{"line":115,"column":38}},"loc":{"start":{"line":115,"column":44},"end":{"line":115,"column":75}},"line":115},"12":{"name":"(anonymous_12)","decl":{"start":{"line":121,"column":25},"end":{"line":121,"column":26}},"loc":{"start":{"line":121,"column":31},"end":{"line":125,"column":3}},"line":121},"13":{"name":"(anonymous_13)","decl":{"start":{"line":123,"column":14},"end":{"line":123,"column":15}},"loc":{"start":{"line":123,"column":26},"end":{"line":123,"column":38}},"line":123},"14":{"name":"(anonymous_14)","decl":{"start":{"line":144,"column":42},"end":{"line":144,"column":43}},"loc":{"start":{"line":144,"column":48},"end":{"line":144,"column":57}},"line":144},"15":{"name":"(anonymous_15)","decl":{"start":{"line":151,"column":28},"end":{"line":151,"column":29}},"loc":{"start":{"line":151,"column":34},"end":{"line":157,"column":3}},"line":151},"16":{"name":"(anonymous_16)","decl":{"start":{"line":171,"column":25},"end":{"line":171,"column":26}},"loc":{"start":{"line":171,"column":31},"end":{"line":171,"column":61}},"line":171},"17":{"name":"(anonymous_17)","decl":{"start":{"line":175,"column":27},"end":{"line":175,"column":28}},"loc":{"start":{"line":175,"column":33},"end":{"line":175,"column":62}},"line":175},"18":{"name":"(anonymous_18)","decl":{"start":{"line":183,"column":25},"end":{"line":183,"column":26}},"loc":{"start":{"line":183,"column":31},"end":{"line":183,"column":60}},"line":183},"19":{"name":"(anonymous_19)","decl":{"start":{"line":187,"column":25},"end":{"line":187,"column":26}},"loc":{"start":{"line":187,"column":31},"end":{"line":187,"column":61}},"line":187},"20":{"name":"(anonymous_20)","decl":{"start":{"line":191,"column":25},"end":{"line":191,"column":26}},"loc":{"start":{"line":191,"column":31},"end":{"line":191,"column":58}},"line":191},"21":{"name":"(anonymous_21)","decl":{"start":{"line":203,"column":25},"end":{"line":203,"column":26}},"loc":{"start":{"line":203,"column":31},"end":{"line":203,"column":56}},"line":203},"22":{"name":"(anonymous_22)","decl":{"start":{"line":207,"column":27},"end":{"line":207,"column":28}},"loc":{"start":{"line":207,"column":33},"end":{"line":207,"column":57}},"line":207},"23":{"name":"(anonymous_23)","decl":{"start":{"line":214,"column":32},"end":{"line":214,"column":33}},"loc":{"start":{"line":215,"column":16},"end":{"line":221,"column":18}},"line":215},"24":{"name":"(anonymous_24)","decl":{"start":{"line":217,"column":27},"end":{"line":217,"column":28}},"loc":{"start":{"line":217,"column":33},"end":{"line":217,"column":63}},"line":217},"25":{"name":"(anonymous_25)","decl":{"start":{"line":239,"column":24},"end":{"line":239,"column":25}},"loc":{"start":{"line":240,"column":14},"end":{"line":248,"column":21}},"line":240},"26":{"name":"(anonymous_26)","decl":{"start":{"line":244,"column":25},"end":{"line":244,"column":26}},"loc":{"start":{"line":244,"column":31},"end":{"line":244,"column":57}},"line":244},"27":{"name":"(anonymous_27)","decl":{"start":{"line":250,"column":26},"end":{"line":250,"column":27}},"loc":{"start":{"line":250,"column":36},"end":{"line":250,"column":54}},"line":250},"28":{"name":"(anonymous_28)","decl":{"start":{"line":259,"column":22},"end":{"line":259,"column":23}},"loc":{"start":{"line":259,"column":36},"end":{"line":259,"column":61}},"line":259},"29":{"name":"(anonymous_29)","decl":{"start":{"line":260,"column":24},"end":{"line":260,"column":25}},"loc":{"start":{"line":260,"column":34},"end":{"line":260,"column":65}},"line":260},"30":{"name":"(anonymous_30)","decl":{"start":{"line":280,"column":44},"end":{"line":280,"column":45}},"loc":{"start":{"line":280,"column":50},"end":{"line":280,"column":59}},"line":280}},"branchMap":{"0":{"loc":{"start":{"line":52,"column":20},"end":{"line":52,"column":63}},"type":"binary-expr","locations":[{"start":{"line":52,"column":20},"end":{"line":52,"column":44}},{"start":{"line":52,"column":48},"end":{"line":52,"column":63}}],"line":52},"1":{"loc":{"start":{"line":78,"column":20},"end":{"line":78,"column":48}},"type":"binary-expr","locations":[{"start":{"line":78,"column":20},"end":{"line":78,"column":43}},{"start":{"line":78,"column":47},"end":{"line":78,"column":48}}],"line":78},"2":{"loc":{"start":{"line":79,"column":17},"end":{"line":79,"column":84}},"type":"binary-expr","locations":[{"start":{"line":79,"column":17},"end":{"line":79,"column":44}},{"start":{"line":79,"column":48},"end":{"line":79,"column":74}},{"start":{"line":79,"column":78},"end":{"line":79,"column":84}}],"line":79},"3":{"loc":{"start":{"line":86,"column":13},"end":{"line":86,"column":41}},"type":"binary-expr","locations":[{"start":{"line":86,"column":13},"end":{"line":86,"column":36}},{"start":{"line":86,"column":40},"end":{"line":86,"column":41}}],"line":86},"4":{"loc":{"start":{"line":87,"column":17},"end":{"line":87,"column":84}},"type":"binary-expr","locations":[{"start":{"line":87,"column":17},"end":{"line":87,"column":44}},{"start":{"line":87,"column":48},"end":{"line":87,"column":74}},{"start":{"line":87,"column":78},"end":{"line":87,"column":84}}],"line":87},"5":{"loc":{"start":{"line":95,"column":25},"end":{"line":95,"column":70}},"type":"cond-expr","locations":[{"start":{"line":95,"column":51},"end":{"line":95,"column":60}},{"start":{"line":95,"column":63},"end":{"line":95,"column":70}}],"line":95},"6":{"loc":{"start":{"line":109,"column":17},"end":{"line":109,"column":95}},"type":"cond-expr","locations":[{"start":{"line":109,"column":43},"end":{"line":109,"column":85}},{"start":{"line":109,"column":89},"end":{"line":109,"column":95}}],"line":109},"7":{"loc":{"start":{"line":109,"column":43},"end":{"line":109,"column":85}},"type":"cond-expr","locations":[{"start":{"line":109,"column":71},"end":{"line":109,"column":76}},{"start":{"line":109,"column":79},"end":{"line":109,"column":85}}],"line":109},"8":{"loc":{"start":{"line":116,"column":26},"end":{"line":116,"column":69}},"type":"cond-expr","locations":[{"start":{"line":116,"column":60},"end":{"line":116,"column":63}},{"start":{"line":116,"column":66},"end":{"line":116,"column":69}}],"line":116},"9":{"loc":{"start":{"line":117,"column":14},"end":{"line":117,"column":33}},"type":"binary-expr","locations":[{"start":{"line":117,"column":14},"end":{"line":117,"column":27}},{"start":{"line":117,"column":31},"end":{"line":117,"column":33}}],"line":117},"10":{"loc":{"start":{"line":122,"column":4},"end":{"line":124,"column":5}},"type":"if","locations":[{"start":{"line":122,"column":4},"end":{"line":124,"column":5}},{"start":{},"end":{}}],"line":122},"11":{"loc":{"start":{"line":122,"column":8},"end":{"line":122,"column":39}},"type":"binary-expr","locations":[{"start":{"line":122,"column":8},"end":{"line":122,"column":18}},{"start":{"line":122,"column":22},"end":{"line":122,"column":39}}],"line":122},"12":{"loc":{"start":{"line":127,"column":2},"end":{"line":136,"column":3}},"type":"if","locations":[{"start":{"line":127,"column":2},"end":{"line":136,"column":3}},{"start":{},"end":{}}],"line":127},"13":{"loc":{"start":{"line":127,"column":6},"end":{"line":127,"column":29}},"type":"binary-expr","locations":[{"start":{"line":127,"column":6},"end":{"line":127,"column":15}},{"start":{"line":127,"column":19},"end":{"line":127,"column":29}}],"line":127},"14":{"loc":{"start":{"line":138,"column":2},"end":{"line":149,"column":3}},"type":"if","locations":[{"start":{"line":138,"column":2},"end":{"line":149,"column":3}},{"start":{},"end":{}}],"line":138},"15":{"loc":{"start":{"line":152,"column":4},"end":{"line":156,"column":5}},"type":"switch","locations":[{"start":{"line":153,"column":6},"end":{"line":153,"column":73}},{"start":{"line":154,"column":6},"end":{"line":154,"column":71}},{"start":{"line":155,"column":6},"end":{"line":155,"column":65}}],"line":152},"16":{"loc":{"start":{"line":219,"column":32},"end":{"line":220,"column":93}},"type":"cond-expr","locations":[{"start":{"line":220,"column":21},"end":{"line":220,"column":80}},{"start":{"line":220,"column":84},"end":{"line":220,"column":93}}],"line":219},"17":{"loc":{"start":{"line":220,"column":21},"end":{"line":220,"column":80}},"type":"cond-expr","locations":[{"start":{"line":220,"column":55},"end":{"line":220,"column":67}},{"start":{"line":220,"column":70},"end":{"line":220,"column":80}}],"line":220},"18":{"loc":{"start":{"line":232,"column":9},"end":{"line":253,"column":9}},"type":"cond-expr","locations":[{"start":{"line":233,"column":10},"end":{"line":233,"column":101}},{"start":{"line":235,"column":10},"end":{"line":252,"column":12}}],"line":232},"19":{"loc":{"start":{"line":256,"column":7},"end":{"line":284,"column":7}},"type":"cond-expr","locations":[{"start":{"line":257,"column":8},"end":{"line":274,"column":10}},{"start":{"line":276,"column":8},"end":{"line":283,"column":15}}],"line":256},"20":{"loc":{"start":{"line":256,"column":7},"end":{"line":256,"column":52}},"type":"binary-expr","locations":[{"start":{"line":256,"column":7},"end":{"line":256,"column":22}},{"start":{"line":256,"column":26},"end":{"line":256,"column":52}}],"line":256},"21":{"loc":{"start":{"line":266,"column":12},"end":{"line":272,"column":20}},"type":"cond-expr","locations":[{"start":{"line":267,"column":14},"end":{"line":271,"column":16}},{"start":{"line":272,"column":16},"end":{"line":272,"column":20}}],"line":266},"22":{"loc":{"start":{"line":266,"column":12},"end":{"line":266,"column":33}},"type":"binary-expr","locations":[{"start":{"line":266,"column":12},"end":{"line":266,"column":21}},{"start":{"line":266,"column":25},"end":{"line":266,"column":33}}],"line":266}},"s":{"0":0,"1":0,"2":0,"3":0,"4":0,"5":0,"6":0,"7":0,"8":0,"9":0,"10":0,"11":0,"12":0,"13":0,"14":0,"15":0,"16":0,"17":0,"18":0,"19":0,"20":0,"21":0,"22":0,"23":0,"24":0,"25":0,"26":0,"27":0,"28":0,"29":0,"30":0,"31":0,"32":0,"33":0,"34":0,"35":0,"36":0,"37":0,"38":0,"39":0,"40":0,"41":0,"42":0,"43":0,"44":0,"45":0,"46":0,"47":0,"48":0,"49":0,"50":0,"51":0,"52":0,"53":0,"54":0,"55":0,"56":0,"57":0,"58":0,"59":0,"60":0,"61":0,"62":0,"63":0,"64":0,"65":0,"66":0,"67":0,"68":0},"f":{"0":0,"1":0,"2":0,"3":0,"4":0,"5":0,"6":0,"7":0,"8":0,"9":0,"10":0,"11":0,"12":0,"13":0,"14":0,"15":0,"16":0,"17":0,"18":0,"19":0,"20":0,"21":0,"22":0,"23":0,"24":0,"25":0,"26":0,"27":0,"28":0,"29":0,"30":0},"b":{"0":[0,0],"1":[0,0],"2":[0,0,0],"3":[0,0],"4":[0,0,0],"5":[0,0],"6":[0,0],"7":[0,0],"8":[0,0],"9":[0,0],"10":[0,0],"11":[0,0],"12":[0,0],"13":[0,0],"14":[0,0],"15":[0,0,0],"16":[0,0],"17":[0,0],"18":[0,0],"19":[0,0],"20":[0,0],"21":[0,0],"22":[0,0]}}
,"C:\\Users\\yasin\\ne-izlesem\\app\\search.tsx": {"path":"C:\\Users\\yasin\\ne-izlesem\\app\\search.tsx","statementMap":{"0":{"start":{"line":11,"column":40},"end":{"line":11,"column":52}},"1":{"start":{"line":12,"column":46},"end":{"line":12,"column":58}},"2":{"start":{"line":13,"column":26},"end":{"line":13,"column":42}},"3":{"start":{"line":16,"column":20},"end":{"line":16,"column":52}},"4":{"start":{"line":17,"column":18},"end":{"line":17,"column":48}},"5":{"start":{"line":19,"column":37},"end":{"line":23,"column":4}},"6":{"start":{"line":21,"column":19},"end":{"line":21,"column":81}},"7":{"start":{"line":25,"column":23},"end":{"line":29,"column":3}},"8":{"start":{"line":26,"column":4},"end":{"line":28,"column":5}},"9":{"start":{"line":27,"column":6},"end":{"line":27,"column":44}},"10":{"start":{"line":31,"column":2},"end":{"line":102,"column":4}},"11":{"start":{"line":74,"column":34},"end":{"line":74,"column":76}},"12":{"start":{"line":75,"column":36},"end":{"line":75,"column":61}},"13":{"start":{"line":105,"column":15},"end":{"line":167,"column":2}}},"fnMap":{"0":{"name":"SearchScreen","decl":{"start":{"line":10,"column":24},"end":{"line":10,"column":36}},"loc":{"start":{"line":10,"column":39},"end":{"line":103,"column":1}},"line":10},"1":{"name":"(anonymous_1)","decl":{"start":{"line":21,"column":13},"end":{"line":21,"column":14}},"loc":{"start":{"line":21,"column":19},"end":{"line":21,"column":81}},"line":21},"2":{"name":"(anonymous_2)","decl":{"start":{"line":25,"column":23},"end":{"line":25,"column":24}},"loc":{"start":{"line":25,"column":29},"end":{"line":29,"column":3}},"line":25},"3":{"name":"(anonymous_3)","decl":{"start":{"line":74,"column":24},"end":{"line":74,"column":25}},"loc":{"start":{"line":74,"column":34},"end":{"line":74,"column":76}},"line":74},"4":{"name":"(anonymous_4)","decl":{"start":{"line":75,"column":22},"end":{"line":75,"column":23}},"loc":{"start":{"line":75,"column":36},"end":{"line":75,"column":61}},"line":75}},"branchMap":{"0":{"loc":{"start":{"line":26,"column":4},"end":{"line":28,"column":5}},"type":"if","locations":[{"start":{"line":26,"column":4},"end":{"line":28,"column":5}},{"start":{},"end":{}}],"line":26},"1":{"loc":{"start":{"line":43,"column":7},"end":{"line":48,"column":7}},"type":"binary-expr","locations":[{"start":{"line":43,"column":7},"end":{"line":43,"column":16}},{"start":{"line":44,"column":8},"end":{"line":47,"column":15}}],"line":43},"2":{"loc":{"start":{"line":50,"column":7},"end":{"line":56,"column":7}},"type":"binary-expr","locations":[{"start":{"line":50,"column":7},"end":{"line":50,"column":12}},{"start":{"line":51,"column":8},"end":{"line":55,"column":15}}],"line":50},"3":{"loc":{"start":{"line":58,"column":7},"end":{"line":69,"column":7}},"type":"binary-expr","locations":[{"start":{"line":58,"column":7},"end":{"line":58,"column":17}},{"start":{"line":58,"column":21},"end":{"line":58,"column":27}},{"start":{"line":58,"column":31},"end":{"line":58,"column":45}},{"start":{"line":58,"column":49},"end":{"line":58,"column":75}},{"start":{"line":59,"column":8},"end":{"line":68,"column":15}}],"line":58},"4":{"loc":{"start":{"line":63,"column":11},"end":{"line":67,"column":11}},"type":"binary-expr","locations":[{"start":{"line":63,"column":12},"end":{"line":63,"column":21}},{"start":{"line":63,"column":25},"end":{"line":63,"column":32}},{"start":{"line":64,"column":12},"end":{"line":66,"column":19}}],"line":63},"5":{"loc":{"start":{"line":65,"column":36},"end":{"line":65,"column":53}},"type":"binary-expr","locations":[{"start":{"line":65,"column":36},"end":{"line":65,"column":45}},{"start":{"line":65,"column":49},"end":{"line":65,"column":53}}],"line":65},"6":{"loc":{"start":{"line":65,"column":58},"end":{"line":65,"column":93}},"type":"binary-expr","locations":[{"start":{"line":65,"column":58},"end":{"line":65,"column":65}},{"start":{"line":65,"column":69},"end":{"line":65,"column":93}}],"line":65},"7":{"loc":{"start":{"line":71,"column":7},"end":{"line":87,"column":7}},"type":"binary-expr","locations":[{"start":{"line":71,"column":7},"end":{"line":71,"column":17}},{"start":{"line":71,"column":21},"end":{"line":71,"column":27}},{"start":{"line":71,"column":31},"end":{"line":71,"column":44}},{"start":{"line":71,"column":48},"end":{"line":71,"column":71}},{"start":{"line":72,"column":8},"end":{"line":86,"column":10}}],"line":71},"8":{"loc":{"start":{"line":74,"column":48},"end":{"line":74,"column":74}},"type":"binary-expr","locations":[{"start":{"line":74,"column":48},"end":{"line":74,"column":63}},{"start":{"line":74,"column":67},"end":{"line":74,"column":74}}],"line":74},"9":{"loc":{"start":{"line":78,"column":12},"end":{"line":84,"column":20}},"type":"cond-expr","locations":[{"start":{"line":79,"column":14},"end":{"line":83,"column":21}},{"start":{"line":84,"column":16},"end":{"line":84,"column":20}}],"line":78},"10":{"loc":{"start":{"line":78,"column":13},"end":{"line":78,"column":33}},"type":"binary-expr","locations":[{"start":{"line":78,"column":13},"end":{"line":78,"column":22}},{"start":{"line":78,"column":26},"end":{"line":78,"column":33}}],"line":78},"11":{"loc":{"start":{"line":81,"column":28},"end":{"line":81,"column":45}},"type":"binary-expr","locations":[{"start":{"line":81,"column":28},"end":{"line":81,"column":37}},{"start":{"line":81,"column":41},"end":{"line":81,"column":45}}],"line":81},"12":{"loc":{"start":{"line":81,"column":50},"end":{"line":81,"column":85}},"type":"binary-expr","locations":[{"start":{"line":81,"column":50},"end":{"line":81,"column":57}},{"start":{"line":81,"column":61},"end":{"line":81,"column":85}}],"line":81},"13":{"loc":{"start":{"line":89,"column":7},"end":{"line":100,"column":7}},"type":"binary-expr","locations":[{"start":{"line":89,"column":7},"end":{"line":89,"column":22}},{"start":{"line":90,"column":8},"end":{"line":99,"column":15}}],"line":89},"14":{"loc":{"start":{"line":94,"column":11},"end":{"line":98,"column":11}},"type":"binary-expr","locations":[{"start":{"line":94,"column":12},"end":{"line":94,"column":21}},{"start":{"line":94,"column":25},"end":{"line":94,"column":32}},{"start":{"line":95,"column":12},"end":{"line":97,"column":19}}],"line":94},"15":{"loc":{"start":{"line":96,"column":36},"end":{"line":96,"column":53}},"type":"binary-expr","locations":[{"start":{"line":96,"column":36},"end":{"line":96,"column":45}},{"start":{"line":96,"column":49},"end":{"line":96,"column":53}}],"line":96},"16":{"loc":{"start":{"line":96,"column":58},"end":{"line":96,"column":93}},"type":"binary-expr","locations":[{"start":{"line":96,"column":58},"end":{"line":96,"column":65}},{"start":{"line":96,"column":69},"end":{"line":96,"column":93}}],"line":96}},"s":{"0":0,"1":0,"2":0,"3":0,"4":0,"5":0,"6":0,"7":0,"8":0,"9":0,"10":0,"11":0,"12":0,"13":0},"f":{"0":0,"1":0,"2":0,"3":0,"4":0},"b":{"0":[0,0],"1":[0,0],"2":[0,0],"3":[0,0,0,0,0],"4":[0,0,0],"5":[0,0],"6":[0,0],"7":[0,0,0,0,0],"8":[0,0],"9":[0,0],"10":[0,0],"11":[0,0],"12":[0,0],"13":[0,0],"14":[0,0,0],"15":[0,0],"16":[0,0]}}
,"C:\\Users\\yasin\\ne-izlesem\\app\\settings.tsx": {"path":"C:\\Users\\yasin\\ne-izlesem\\app\\settings.tsx","statementMap":{"0":{"start":{"line":12,"column":17},"end":{"line":12,"column":21}},"1":{"start":{"line":13,"column":17},"end":{"line":13,"column":41}},"2":{"start":{"line":16,"column":60},"end":{"line":16,"column":76}},"3":{"start":{"line":17,"column":70},"end":{"line":17,"column":80}},"4":{"start":{"line":18,"column":36},"end":{"line":18,"column":54}},"5":{"start":{"line":19,"column":32},"end":{"line":19,"column":50}},"6":{"start":{"line":20,"column":32},"end":{"line":20,"column":46}},"7":{"start":{"line":21,"column":22},"end":{"line":21,"column":38}},"8":{"start":{"line":23,"column":2},"end":{"line":41,"column":20}},"9":{"start":{"line":25,"column":28},"end":{"line":38,"column":5}},"10":{"start":{"line":26,"column":6},"end":{"line":37,"column":7}},"11":{"start":{"line":28,"column":8},"end":{"line":31,"column":9}},"12":{"start":{"line":29,"column":10},"end":{"line":29,"column":56}},"13":{"start":{"line":30,"column":10},"end":{"line":30,"column":52}},"14":{"start":{"line":33,"column":8},"end":{"line":33,"column":26}},"15":{"start":{"line":35,"column":8},"end":{"line":35,"column":59}},"16":{"start":{"line":36,"column":8},"end":{"line":36,"column":26}},"17":{"start":{"line":40,"column":4},"end":{"line":40,"column":22}},"18":{"start":{"line":43,"column":32},"end":{"line":47,"column":3}},"19":{"start":{"line":45,"column":25},"end":{"line":45,"column":49}},"20":{"start":{"line":46,"column":4},"end":{"line":46,"column":31}},"21":{"start":{"line":49,"column":30},"end":{"line":53,"column":3}},"22":{"start":{"line":51,"column":23},"end":{"line":51,"column":49}},"23":{"start":{"line":52,"column":4},"end":{"line":52,"column":27}},"24":{"start":{"line":55,"column":32},"end":{"line":58,"column":3}},"25":{"start":{"line":56,"column":4},"end":{"line":56,"column":23}},"26":{"start":{"line":57,"column":4},"end":{"line":57,"column":26}},"27":{"start":{"line":60,"column":26},"end":{"line":75,"column":3}},"28":{"start":{"line":61,"column":4},"end":{"line":74,"column":5}},"29":{"start":{"line":63,"column":6},"end":{"line":63,"column":48}},"30":{"start":{"line":66,"column":6},"end":{"line":66,"column":81}},"31":{"start":{"line":67,"column":6},"end":{"line":67,"column":77}},"32":{"start":{"line":69,"column":6},"end":{"line":69,"column":75}},"33":{"start":{"line":71,"column":6},"end":{"line":71,"column":20}},"34":{"start":{"line":73,"column":6},"end":{"line":73,"column":56}},"35":{"start":{"line":77,"column":2},"end":{"line":86,"column":3}},"36":{"start":{"line":78,"column":4},"end":{"line":85,"column":6}},"37":{"start":{"line":88,"column":2},"end":{"line":188,"column":4}},"38":{"start":{"line":111,"column":27},"end":{"line":111,"column":57}},"39":{"start":{"line":119,"column":27},"end":{"line":119,"column":56}},"40":{"start":{"line":127,"column":27},"end":{"line":127,"column":58}},"41":{"start":{"line":155,"column":38},"end":{"line":155,"column":78}},"42":{"start":{"line":170,"column":38},"end":{"line":170,"column":76}},"43":{"start":{"line":191,"column":15},"end":{"line":252,"column":2}}},"fnMap":{"0":{"name":"SettingsScreen","decl":{"start":{"line":15,"column":24},"end":{"line":15,"column":38}},"loc":{"start":{"line":15,"column":41},"end":{"line":189,"column":1}},"line":15},"1":{"name":"(anonymous_1)","decl":{"start":{"line":23,"column":12},"end":{"line":23,"column":13}},"loc":{"start":{"line":23,"column":18},"end":{"line":41,"column":3}},"line":23},"2":{"name":"(anonymous_2)","decl":{"start":{"line":25,"column":28},"end":{"line":25,"column":29}},"loc":{"start":{"line":25,"column":40},"end":{"line":38,"column":5}},"line":25},"3":{"name":"(anonymous_3)","decl":{"start":{"line":43,"column":32},"end":{"line":43,"column":33}},"loc":{"start":{"line":43,"column":51},"end":{"line":47,"column":3}},"line":43},"4":{"name":"(anonymous_4)","decl":{"start":{"line":49,"column":30},"end":{"line":49,"column":31}},"loc":{"start":{"line":49,"column":49},"end":{"line":53,"column":3}},"line":49},"5":{"name":"(anonymous_5)","decl":{"start":{"line":55,"column":32},"end":{"line":55,"column":33}},"loc":{"start":{"line":55,"column":71},"end":{"line":58,"column":3}},"line":55},"6":{"name":"(anonymous_6)","decl":{"start":{"line":60,"column":26},"end":{"line":60,"column":27}},"loc":{"start":{"line":60,"column":38},"end":{"line":75,"column":3}},"line":60},"7":{"name":"(anonymous_7)","decl":{"start":{"line":111,"column":21},"end":{"line":111,"column":22}},"loc":{"start":{"line":111,"column":27},"end":{"line":111,"column":57}},"line":111},"8":{"name":"(anonymous_8)","decl":{"start":{"line":119,"column":21},"end":{"line":119,"column":22}},"loc":{"start":{"line":119,"column":27},"end":{"line":119,"column":56}},"line":119},"9":{"name":"(anonymous_9)","decl":{"start":{"line":127,"column":21},"end":{"line":127,"column":22}},"loc":{"start":{"line":127,"column":27},"end":{"line":127,"column":58}},"line":127},"10":{"name":"(anonymous_10)","decl":{"start":{"line":155,"column":27},"end":{"line":155,"column":28}},"loc":{"start":{"line":155,"column":38},"end":{"line":155,"column":78}},"line":155},"11":{"name":"(anonymous_11)","decl":{"start":{"line":170,"column":27},"end":{"line":170,"column":28}},"loc":{"start":{"line":170,"column":38},"end":{"line":170,"column":76}},"line":170}},"branchMap":{"0":{"loc":{"start":{"line":28,"column":8},"end":{"line":31,"column":9}},"type":"if","locations":[{"start":{"line":28,"column":8},"end":{"line":31,"column":9}},{"start":{},"end":{}}],"line":28},"1":{"loc":{"start":{"line":77,"column":2},"end":{"line":86,"column":3}},"type":"if","locations":[{"start":{"line":77,"column":2},"end":{"line":86,"column":3}},{"start":{},"end":{}}],"line":77},"2":{"loc":{"start":{"line":110,"column":18},"end":{"line":110,"column":66}},"type":"cond-expr","locations":[{"start":{"line":110,"column":42},"end":{"line":110,"column":53}},{"start":{"line":110,"column":56},"end":{"line":110,"column":66}}],"line":110},"3":{"loc":{"start":{"line":118,"column":18},"end":{"line":118,"column":65}},"type":"cond-expr","locations":[{"start":{"line":118,"column":41},"end":{"line":118,"column":52}},{"start":{"line":118,"column":55},"end":{"line":118,"column":65}}],"line":118},"4":{"loc":{"start":{"line":126,"column":18},"end":{"line":126,"column":67}},"type":"cond-expr","locations":[{"start":{"line":126,"column":43},"end":{"line":126,"column":54}},{"start":{"line":126,"column":57},"end":{"line":126,"column":67}}],"line":126},"5":{"loc":{"start":{"line":158,"column":35},"end":{"line":158,"column":98}},"type":"cond-expr","locations":[{"start":{"line":158,"column":48},"end":{"line":158,"column":74}},{"start":{"line":158,"column":77},"end":{"line":158,"column":98}}],"line":158},"6":{"loc":{"start":{"line":173,"column":35},"end":{"line":173,"column":98}},"type":"cond-expr","locations":[{"start":{"line":173,"column":48},"end":{"line":173,"column":74}},{"start":{"line":173,"column":77},"end":{"line":173,"column":98}}],"line":173}},"s":{"0":0,"1":0,"2":0,"3":0,"4":0,"5":0,"6":0,"7":0,"8":0,"9":0,"10":0,"11":0,"12":0,"13":0,"14":0,"15":0,"16":0,"17":0,"18":0,"19":0,"20":0,"21":0,"22":0,"23":0,"24":0,"25":0,"26":0,"27":0,"28":0,"29":0,"30":0,"31":0,"32":0,"33":0,"34":0,"35":0,"36":0,"37":0,"38":0,"39":0,"40":0,"41":0,"42":0,"43":0},"f":{"0":0,"1":0,"2":0,"3":0,"4":0,"5":0,"6":0,"7":0,"8":0,"9":0,"10":0,"11":0},"b":{"0":[0,0],"1":[0,0],"2":[0,0],"3":[0,0],"4":[0,0],"5":[0,0],"6":[0,0]}}
,"C:\\Users\\yasin\\ne-izlesem\\app\\streaming-services.tsx": {"path":"C:\\Users\\yasin\\ne-izlesem\\app\\streaming-services.tsx","statementMap":{"0":{"start":{"line":15,"column":38},"end":{"line":29,"column":1}},"1":{"start":{"line":32,"column":50},"end":{"line":32,"column":66}},"2":{"start":{"line":33,"column":20},"end":{"line":33,"column":30}},"3":{"start":{"line":34,"column":50},"end":{"line":34,"column":72}},"4":{"start":{"line":35,"column":32},"end":{"line":35,"column":46}},"5":{"start":{"line":36,"column":22},"end":{"line":36,"column":38}},"6":{"start":{"line":39,"column":75},"end":{"line":42,"column":4}},"7":{"start":{"line":44,"column":2},"end":{"line":60,"column":20}},"8":{"start":{"line":46,"column":28},"end":{"line":57,"column":5}},"9":{"start":{"line":47,"column":6},"end":{"line":56,"column":7}},"10":{"start":{"line":49,"column":8},"end":{"line":51,"column":9}},"11":{"start":{"line":50,"column":10},"end":{"line":50,"column":62}},"12":{"start":{"line":53,"column":8},"end":{"line":53,"column":59}},"13":{"start":{"line":55,"column":8},"end":{"line":55,"column":26}},"14":{"start":{"line":59,"column":4},"end":{"line":59,"column":22}},"15":{"start":{"line":62,"column":24},"end":{"line":70,"column":3}},"16":{"start":{"line":63,"column":4},"end":{"line":69,"column":7}},"17":{"start":{"line":64,"column":6},"end":{"line":68,"column":7}},"18":{"start":{"line":65,"column":8},"end":{"line":65,"column":59}},"19":{"start":{"line":65,"column":41},"end":{"line":65,"column":57}},"20":{"start":{"line":67,"column":8},"end":{"line":67,"column":44}},"21":{"start":{"line":72,"column":26},"end":{"line":87,"column":3}},"22":{"start":{"line":73,"column":4},"end":{"line":86,"column":5}},"23":{"start":{"line":75,"column":6},"end":{"line":75,"column":53}},"24":{"start":{"line":78,"column":6},"end":{"line":78,"column":81}},"25":{"start":{"line":79,"column":6},"end":{"line":79,"column":77}},"26":{"start":{"line":81,"column":6},"end":{"line":81,"column":74}},"27":{"start":{"line":83,"column":6},"end":{"line":83,"column":20}},"28":{"start":{"line":85,"column":6},"end":{"line":85,"column":56}},"29":{"start":{"line":90,"column":39},"end":{"line":119,"column":3}},"30":{"start":{"line":91,"column":4},"end":{"line":91,"column":75}},"31":{"start":{"line":91,"column":65},"end":{"line":91,"column":75}},"32":{"start":{"line":94,"column":23},"end":{"line":96,"column":5}},"33":{"start":{"line":95,"column":6},"end":{"line":95,"column":81}},"34":{"start":{"line":99,"column":4},"end":{"line":118,"column":7}},"35":{"start":{"line":100,"column":6},"end":{"line":100,"column":29}},"36":{"start":{"line":100,"column":20},"end":{"line":100,"column":29}},"37":{"start":{"line":103,"column":28},"end":{"line":103,"column":80}},"38":{"start":{"line":104,"column":28},"end":{"line":104,"column":80}},"39":{"start":{"line":106,"column":6},"end":{"line":112,"column":7}},"40":{"start":{"line":107,"column":8},"end":{"line":107,"column":45}},"41":{"start":{"line":108,"column":13},"end":{"line":112,"column":7}},"42":{"start":{"line":109,"column":8},"end":{"line":109,"column":18}},"43":{"start":{"line":110,"column":13},"end":{"line":112,"column":7}},"44":{"start":{"line":111,"column":8},"end":{"line":111,"column":17}},"45":{"start":{"line":115,"column":24},"end":{"line":115,"column":55}},"46":{"start":{"line":116,"column":24},"end":{"line":116,"column":55}},"47":{"start":{"line":117,"column":6},"end":{"line":117,"column":35}},"48":{"start":{"line":121,"column":2},"end":{"line":130,"column":3}},"49":{"start":{"line":122,"column":4},"end":{"line":129,"column":6}},"50":{"start":{"line":132,"column":2},"end":{"line":143,"column":3}},"51":{"start":{"line":133,"column":4},"end":{"line":142,"column":6}},"52":{"start":{"line":138,"column":48},"end":{"line":138,"column":61}},"53":{"start":{"line":145,"column":27},"end":{"line":145,"column":57}},"54":{"start":{"line":147,"column":2},"end":{"line":203,"column":4}},"55":{"start":{"line":160,"column":34},"end":{"line":160,"column":80}},"56":{"start":{"line":162,"column":12},"end":{"line":180,"column":19}},"57":{"start":{"line":177,"column":31},"end":{"line":177,"column":62}},"58":{"start":{"line":182,"column":40},"end":{"line":182,"column":51}},"59":{"start":{"line":206,"column":15},"end":{"line":265,"column":2}}},"fnMap":{"0":{"name":"StreamingServicesScreen","decl":{"start":{"line":31,"column":24},"end":{"line":31,"column":47}},"loc":{"start":{"line":31,"column":50},"end":{"line":204,"column":1}},"line":31},"1":{"name":"(anonymous_1)","decl":{"start":{"line":44,"column":12},"end":{"line":44,"column":13}},"loc":{"start":{"line":44,"column":18},"end":{"line":60,"column":3}},"line":44},"2":{"name":"(anonymous_2)","decl":{"start":{"line":46,"column":28},"end":{"line":46,"column":29}},"loc":{"start":{"line":46,"column":40},"end":{"line":57,"column":5}},"line":46},"3":{"name":"(anonymous_3)","decl":{"start":{"line":62,"column":24},"end":{"line":62,"column":25}},"loc":{"start":{"line":62,"column":47},"end":{"line":70,"column":3}},"line":62},"4":{"name":"(anonymous_4)","decl":{"start":{"line":63,"column":24},"end":{"line":63,"column":25}},"loc":{"start":{"line":63,"column":40},"end":{"line":69,"column":5}},"line":63},"5":{"name":"(anonymous_5)","decl":{"start":{"line":65,"column":35},"end":{"line":65,"column":36}},"loc":{"start":{"line":65,"column":41},"end":{"line":65,"column":57}},"line":65},"6":{"name":"(anonymous_6)","decl":{"start":{"line":72,"column":26},"end":{"line":72,"column":27}},"loc":{"start":{"line":72,"column":38},"end":{"line":87,"column":3}},"line":72},"7":{"name":"(anonymous_7)","decl":{"start":{"line":90,"column":39},"end":{"line":90,"column":40}},"loc":{"start":{"line":90,"column":45},"end":{"line":119,"column":3}},"line":90},"8":{"name":"(anonymous_8)","decl":{"start":{"line":94,"column":48},"end":{"line":94,"column":49}},"loc":{"start":{"line":95,"column":6},"end":{"line":95,"column":81}},"line":95},"9":{"name":"(anonymous_9)","decl":{"start":{"line":99,"column":27},"end":{"line":99,"column":28}},"loc":{"start":{"line":99,"column":37},"end":{"line":118,"column":5}},"line":99},"10":{"name":"(anonymous_10)","decl":{"start":{"line":138,"column":42},"end":{"line":138,"column":43}},"loc":{"start":{"line":138,"column":48},"end":{"line":138,"column":61}},"line":138},"11":{"name":"(anonymous_11)","decl":{"start":{"line":160,"column":24},"end":{"line":160,"column":25}},"loc":{"start":{"line":160,"column":34},"end":{"line":160,"column":80}},"line":160},"12":{"name":"(anonymous_12)","decl":{"start":{"line":161,"column":22},"end":{"line":161,"column":23}},"loc":{"start":{"line":162,"column":12},"end":{"line":180,"column":19}},"line":162},"13":{"name":"(anonymous_13)","decl":{"start":{"line":177,"column":25},"end":{"line":177,"column":26}},"loc":{"start":{"line":177,"column":31},"end":{"line":177,"column":62}},"line":177},"14":{"name":"(anonymous_14)","decl":{"start":{"line":182,"column":34},"end":{"line":182,"column":35}},"loc":{"start":{"line":182,"column":40},"end":{"line":182,"column":51}},"line":182}},"branchMap":{"0":{"loc":{"start":{"line":49,"column":8},"end":{"line":51,"column":9}},"type":"if","locations":[{"start":{"line":49,"column":8},"end":{"line":51,"column":9}},{"start":{},"end":{}}],"line":49},"1":{"loc":{"start":{"line":64,"column":6},"end":{"line":68,"column":7}},"type":"if","locations":[{"start":{"line":64,"column":6},"end":{"line":68,"column":7}},{"start":{"line":66,"column":13},"end":{"line":68,"column":7}}],"line":64},"2":{"loc":{"start":{"line":91,"column":4},"end":{"line":91,"column":75}},"type":"if","locations":[{"start":{"line":91,"column":4},"end":{"line":91,"column":75}},{"start":{},"end":{}}],"line":91},"3":{"loc":{"start":{"line":91,"column":8},"end":{"line":91,"column":63}},"type":"binary-expr","locations":[{"start":{"line":91,"column":8},"end":{"line":91,"column":26}},{"start":{"line":91,"column":30},"end":{"line":91,"column":63}}],"line":91},"4":{"loc":{"start":{"line":95,"column":6},"end":{"line":95,"column":81}},"type":"binary-expr","locations":[{"start":{"line":95,"column":6},"end":{"line":95,"column":13}},{"start":{"line":95,"column":17},"end":{"line":95,"column":43}},{"start":{"line":95,"column":47},"end":{"line":95,"column":81}}],"line":95},"5":{"loc":{"start":{"line":100,"column":6},"end":{"line":100,"column":29}},"type":"if","locations":[{"start":{"line":100,"column":6},"end":{"line":100,"column":29}},{"start":{},"end":{}}],"line":100},"6":{"loc":{"start":{"line":100,"column":10},"end":{"line":100,"column":18}},"type":"binary-expr","locations":[{"start":{"line":100,"column":10},"end":{"line":100,"column":12}},{"start":{"line":100,"column":16},"end":{"line":100,"column":18}}],"line":100},"7":{"loc":{"start":{"line":106,"column":6},"end":{"line":112,"column":7}},"type":"if","locations":[{"start":{"line":106,"column":6},"end":{"line":112,"column":7}},{"start":{"line":108,"column":13},"end":{"line":112,"column":7}}],"line":106},"8":{"loc":{"start":{"line":106,"column":10},"end":{"line":106,"column":54}},"type":"binary-expr","locations":[{"start":{"line":106,"column":10},"end":{"line":106,"column":30}},{"start":{"line":106,"column":34},"end":{"line":106,"column":54}}],"line":106},"9":{"loc":{"start":{"line":108,"column":13},"end":{"line":112,"column":7}},"type":"if","locations":[{"start":{"line":108,"column":13},"end":{"line":112,"column":7}},{"start":{"line":110,"column":13},"end":{"line":112,"column":7}}],"line":108},"10":{"loc":{"start":{"line":110,"column":13},"end":{"line":112,"column":7}},"type":"if","locations":[{"start":{"line":110,"column":13},"end":{"line":112,"column":7}},{"start":{},"end":{}}],"line":110},"11":{"loc":{"start":{"line":115,"column":24},"end":{"line":115,"column":55}},"type":"binary-expr","locations":[{"start":{"line":115,"column":24},"end":{"line":115,"column":48}},{"start":{"line":115,"column":52},"end":{"line":115,"column":55}}],"line":115},"12":{"loc":{"start":{"line":116,"column":24},"end":{"line":116,"column":55}},"type":"binary-expr","locations":[{"start":{"line":116,"column":24},"end":{"line":116,"column":48}},{"start":{"line":116,"column":52},"end":{"line":116,"column":55}}],"line":116},"13":{"loc":{"start":{"line":121,"column":2},"end":{"line":130,"column":3}},"type":"if","locations":[{"start":{"line":121,"column":2},"end":{"line":130,"column":3}},{"start":{},"end":{}}],"line":121},"14":{"loc":{"start":{"line":121,"column":6},"end":{"line":121,"column":34}},"type":"binary-expr","locations":[{"start":{"line":121,"column":6},"end":{"line":121,"column":13}},{"start":{"line":121,"column":17},"end":{"line":121,"column":34}}],"line":121},"15":{"loc":{"start":{"line":132,"column":2},"end":{"line":143,"column":3}},"type":"if","locations":[{"start":{"line":132,"column":2},"end":{"line":143,"column":3}},{"start":{},"end":{}}],"line":132},"16":{"loc":{"start":{"line":157,"column":7},"end":{"line":192,"column":7}},"type":"cond-expr","locations":[{"start":{"line":158,"column":8},"end":{"line":185,"column":10}},{"start":{"line":187,"column":8},"end":{"line":191,"column":15}}],"line":157},"17":{"loc":{"start":{"line":160,"column":45},"end":{"line":160,"column":78}},"type":"binary-expr","locations":[{"start":{"line":160,"column":45},"end":{"line":160,"column":61}},{"start":{"line":160,"column":65},"end":{"line":160,"column":78}}],"line":160},"18":{"loc":{"start":{"line":172,"column":19},"end":{"line":172,"column":58}},"type":"binary-expr","locations":[{"start":{"line":172,"column":19},"end":{"line":172,"column":37}},{"start":{"line":172,"column":41},"end":{"line":172,"column":58}}],"line":172},"19":{"loc":{"start":{"line":176,"column":24},"end":{"line":176,"column":93}},"type":"cond-expr","locations":[{"start":{"line":176,"column":70},"end":{"line":176,"column":79}},{"start":{"line":176,"column":82},"end":{"line":176,"column":93}}],"line":176}},"s":{"0":0,"1":0,"2":0,"3":0,"4":0,"5":0,"6":0,"7":0,"8":0,"9":0,"10":0,"11":0,"12":0,"13":0,"14":0,"15":0,"16":0,"17":0,"18":0,"19":0,"20":0,"21":0,"22":0,"23":0,"24":0,"25":0,"26":0,"27":0,"28":0,"29":0,"30":0,"31":0,"32":0,"33":0,"34":0,"35":0,"36":0,"37":0,"38":0,"39":0,"40":0,"41":0,"42":0,"43":0,"44":0,"45":0,"46":0,"47":0,"48":0,"49":0,"50":0,"51":0,"52":0,"53":0,"54":0,"55":0,"56":0,"57":0,"58":0,"59":0},"f":{"0":0,"1":0,"2":0,"3":0,"4":0,"5":0,"6":0,"7":0,"8":0,"9":0,"10":0,"11":0,"12":0,"13":0,"14":0},"b":{"0":[0,0],"1":[0,0],"2":[0,0],"3":[0,0],"4":[0,0,0],"5":[0,0],"6":[0,0],"7":[0,0],"8":[0,0],"9":[0,0],"10":[0,0],"11":[0,0],"12":[0,0],"13":[0,0],"14":[0,0],"15":[0,0],"16":[0,0],"17":[0,0],"18":[0,0],"19":[0,0]}}
,"C:\\Users\\yasin\\ne-izlesem\\app\\details\\[id].tsx": {"path":"C:\\Users\\yasin\\ne-izlesem\\app\\details\\[id].tsx","statementMap":{"0":{"start":{"line":18,"column":18},"end":{"line":18,"column":42}},"1":{"start":{"line":19,"column":21},"end":{"line":19,"column":32}},"2":{"start":{"line":20,"column":22},"end":{"line":20,"column":40}},"3":{"start":{"line":23,"column":20},"end":{"line":23,"column":30}},"4":{"start":{"line":24,"column":28},"end":{"line":24,"column":93}},"5":{"start":{"line":27,"column":37},"end":{"line":37,"column":4}},"6":{"start":{"line":30,"column":22},"end":{"line":30,"column":41}},"7":{"start":{"line":31,"column":6},"end":{"line":33,"column":7}},"8":{"start":{"line":32,"column":8},"end":{"line":32,"column":53}},"9":{"start":{"line":34,"column":6},"end":{"line":34,"column":50}},"10":{"start":{"line":39,"column":2},"end":{"line":46,"column":3}},"11":{"start":{"line":40,"column":4},"end":{"line":45,"column":6}},"12":{"start":{"line":48,"column":2},"end":{"line":56,"column":3}},"13":{"start":{"line":49,"column":4},"end":{"line":55,"column":6}},"14":{"start":{"line":58,"column":16},"end":{"line":58,"column":45}},"15":{"start":{"line":59,"column":24},"end":{"line":63,"column":10}},"16":{"start":{"line":65,"column":22},"end":{"line":69,"column":18}},"17":{"start":{"line":71,"column":18},"end":{"line":75,"column":18}},"18":{"start":{"line":77,"column":20},"end":{"line":79,"column":57}},"19":{"start":{"line":81,"column":22},"end":{"line":83,"column":10}},"20":{"start":{"line":86,"column":20},"end":{"line":86,"column":59}},"21":{"start":{"line":87,"column":29},"end":{"line":87,"column":69}},"22":{"start":{"line":90,"column":24},"end":{"line":92,"column":32}},"23":{"start":{"line":95,"column":30},"end":{"line":97,"column":32}},"24":{"start":{"line":99,"column":2},"end":{"line":222,"column":4}},"25":{"start":{"line":142,"column":18},"end":{"line":148,"column":25}},"26":{"start":{"line":178,"column":16},"end":{"line":187,"column":23}},"27":{"start":{"line":201,"column":35},"end":{"line":203,"column":71}},"28":{"start":{"line":205,"column":16},"end":{"line":215,"column":18}},"29":{"start":{"line":225,"column":15},"end":{"line":350,"column":2}}},"fnMap":{"0":{"name":"DetailsScreen","decl":{"start":{"line":22,"column":24},"end":{"line":22,"column":37}},"loc":{"start":{"line":22,"column":40},"end":{"line":223,"column":1}},"line":22},"1":{"name":"(anonymous_1)","decl":{"start":{"line":29,"column":13},"end":{"line":29,"column":14}},"loc":{"start":{"line":29,"column":19},"end":{"line":35,"column":5}},"line":29},"2":{"name":"(anonymous_2)","decl":{"start":{"line":141,"column":33},"end":{"line":141,"column":34}},"loc":{"start":{"line":142,"column":18},"end":{"line":148,"column":25}},"line":142},"3":{"name":"(anonymous_3)","decl":{"start":{"line":177,"column":38},"end":{"line":177,"column":39}},"loc":{"start":{"line":178,"column":16},"end":{"line":187,"column":23}},"line":178},"4":{"name":"(anonymous_4)","decl":{"start":{"line":200,"column":50},"end":{"line":200,"column":51}},"loc":{"start":{"line":200,"column":60},"end":{"line":216,"column":15}},"line":200}},"branchMap":{"0":{"loc":{"start":{"line":30,"column":31},"end":{"line":30,"column":40}},"type":"binary-expr","locations":[{"start":{"line":30,"column":31},"end":{"line":30,"column":33}},{"start":{"line":30,"column":37},"end":{"line":30,"column":40}}],"line":30},"1":{"loc":{"start":{"line":31,"column":6},"end":{"line":33,"column":7}},"type":"if","locations":[{"start":{"line":31,"column":6},"end":{"line":33,"column":7}},{"start":{},"end":{}}],"line":31},"2":{"loc":{"start":{"line":36,"column":13},"end":{"line":36,"column":32}},"type":"binary-expr","locations":[{"start":{"line":36,"column":13},"end":{"line":36,"column":17}},{"start":{"line":36,"column":21},"end":{"line":36,"column":32}}],"line":36},"3":{"loc":{"start":{"line":39,"column":2},"end":{"line":46,"column":3}},"type":"if","locations":[{"start":{"line":39,"column":2},"end":{"line":46,"column":3}},{"start":{},"end":{}}],"line":39},"4":{"loc":{"start":{"line":48,"column":2},"end":{"line":56,"column":3}},"type":"if","locations":[{"start":{"line":48,"column":2},"end":{"line":56,"column":3}},{"start":{},"end":{}}],"line":48},"5":{"loc":{"start":{"line":48,"column":6},"end":{"line":48,"column":20}},"type":"binary-expr","locations":[{"start":{"line":48,"column":6},"end":{"line":48,"column":11}},{"start":{"line":48,"column":15},"end":{"line":48,"column":20}}],"line":48},"6":{"loc":{"start":{"line":58,"column":16},"end":{"line":58,"column":45}},"type":"binary-expr","locations":[{"start":{"line":58,"column":16},"end":{"line":58,"column":26}},{"start":{"line":58,"column":30},"end":{"line":58,"column":39}},{"start":{"line":58,"column":43},"end":{"line":58,"column":45}}],"line":58},"7":{"loc":{"start":{"line":59,"column":24},"end":{"line":63,"column":10}},"type":"cond-expr","locations":[{"start":{"line":60,"column":6},"end":{"line":60,"column":25}},{"start":{"line":61,"column":6},"end":{"line":63,"column":10}}],"line":59},"8":{"loc":{"start":{"line":59,"column":25},"end":{"line":59,"column":77}},"type":"binary-expr","locations":[{"start":{"line":59,"column":25},"end":{"line":59,"column":44}},{"start":{"line":59,"column":48},"end":{"line":59,"column":77}}],"line":59},"9":{"loc":{"start":{"line":61,"column":6},"end":{"line":63,"column":10}},"type":"cond-expr","locations":[{"start":{"line":62,"column":6},"end":{"line":62,"column":24}},{"start":{"line":63,"column":6},"end":{"line":63,"column":10}}],"line":61},"10":{"loc":{"start":{"line":61,"column":7},"end":{"line":61,"column":57}},"type":"binary-expr","locations":[{"start":{"line":61,"column":7},"end":{"line":61,"column":25}},{"start":{"line":61,"column":29},"end":{"line":61,"column":57}}],"line":61},"11":{"loc":{"start":{"line":65,"column":22},"end":{"line":69,"column":18}},"type":"cond-expr","locations":[{"start":{"line":66,"column":6},"end":{"line":66,"column":61}},{"start":{"line":67,"column":6},"end":{"line":69,"column":18}}],"line":65},"12":{"loc":{"start":{"line":67,"column":6},"end":{"line":69,"column":18}},"type":"cond-expr","locations":[{"start":{"line":68,"column":6},"end":{"line":68,"column":63}},{"start":{"line":69,"column":6},"end":{"line":69,"column":18}}],"line":67},"13":{"loc":{"start":{"line":71,"column":18},"end":{"line":75,"column":18}},"type":"cond-expr","locations":[{"start":{"line":72,"column":6},"end":{"line":72,"column":30}},{"start":{"line":73,"column":6},"end":{"line":75,"column":18}}],"line":71},"14":{"loc":{"start":{"line":73,"column":6},"end":{"line":75,"column":18}},"type":"cond-expr","locations":[{"start":{"line":74,"column":6},"end":{"line":74,"column":64}},{"start":{"line":75,"column":6},"end":{"line":75,"column":18}}],"line":73},"15":{"loc":{"start":{"line":73,"column":6},"end":{"line":73,"column":59}},"type":"binary-expr","locations":[{"start":{"line":73,"column":6},"end":{"line":73,"column":27}},{"start":{"line":73,"column":31},"end":{"line":73,"column":59}}],"line":73},"16":{"loc":{"start":{"line":77,"column":20},"end":{"line":79,"column":57}},"type":"cond-expr","locations":[{"start":{"line":78,"column":6},"end":{"line":78,"column":53}},{"start":{"line":79,"column":6},"end":{"line":79,"column":57}}],"line":77},"17":{"loc":{"start":{"line":81,"column":22},"end":{"line":83,"column":10}},"type":"cond-expr","locations":[{"start":{"line":82,"column":6},"end":{"line":82,"column":55}},{"start":{"line":83,"column":6},"end":{"line":83,"column":10}}],"line":81},"18":{"loc":{"start":{"line":86,"column":20},"end":{"line":86,"column":59}},"type":"binary-expr","locations":[{"start":{"line":86,"column":20},"end":{"line":86,"column":53}},{"start":{"line":86,"column":57},"end":{"line":86,"column":59}}],"line":86},"19":{"loc":{"start":{"line":87,"column":30},"end":{"line":87,"column":54}},"type":"binary-expr","locations":[{"start":{"line":87,"column":30},"end":{"line":87,"column":48}},{"start":{"line":87,"column":52},"end":{"line":87,"column":54}}],"line":87},"20":{"loc":{"start":{"line":90,"column":24},"end":{"line":92,"column":32}},"type":"cond-expr","locations":[{"start":{"line":91,"column":6},"end":{"line":91,"column":29}},{"start":{"line":92,"column":6},"end":{"line":92,"column":32}}],"line":90},"21":{"loc":{"start":{"line":95,"column":30},"end":{"line":97,"column":32}},"type":"cond-expr","locations":[{"start":{"line":96,"column":6},"end":{"line":96,"column":29}},{"start":{"line":97,"column":6},"end":{"line":97,"column":32}}],"line":95},"22":{"loc":{"start":{"line":103,"column":7},"end":{"line":108,"column":7}},"type":"binary-expr","locations":[{"start":{"line":103,"column":7},"end":{"line":103,"column":18}},{"start":{"line":104,"column":8},"end":{"line":107,"column":15}}],"line":103},"23":{"loc":{"start":{"line":119,"column":13},"end":{"line":123,"column":13}},"type":"binary-expr","locations":[{"start":{"line":119,"column":13},"end":{"line":119,"column":26}},{"start":{"line":120,"column":14},"end":{"line":122,"column":21}}],"line":119},"24":{"loc":{"start":{"line":139,"column":13},"end":{"line":151,"column":13}},"type":"binary-expr","locations":[{"start":{"line":139,"column":13},"end":{"line":139,"column":24}},{"start":{"line":139,"column":28},"end":{"line":139,"column":50}},{"start":{"line":140,"column":14},"end":{"line":150,"column":21}}],"line":139},"25":{"loc":{"start":{"line":155,"column":9},"end":{"line":159,"column":9}},"type":"binary-expr","locations":[{"start":{"line":155,"column":9},"end":{"line":155,"column":21}},{"start":{"line":156,"column":10},"end":{"line":158,"column":17}}],"line":155},"26":{"loc":{"start":{"line":167,"column":11},"end":{"line":167,"column":61}},"type":"binary-expr","locations":[{"start":{"line":167,"column":11},"end":{"line":167,"column":24}},{"start":{"line":167,"column":28},"end":{"line":167,"column":61}}],"line":167},"27":{"loc":{"start":{"line":170,"column":9},"end":{"line":191,"column":9}},"type":"binary-expr","locations":[{"start":{"line":170,"column":9},"end":{"line":170,"column":38}},{"start":{"line":171,"column":10},"end":{"line":190,"column":13}}],"line":170},"28":{"loc":{"start":{"line":193,"column":9},"end":{"line":219,"column":9}},"type":"binary-expr","locations":[{"start":{"line":193,"column":9},"end":{"line":193,"column":21}},{"start":{"line":193,"column":25},"end":{"line":193,"column":42}},{"start":{"line":193,"column":46},"end":{"line":193,"column":74}},{"start":{"line":194,"column":10},"end":{"line":218,"column":13}}],"line":193},"29":{"loc":{"start":{"line":201,"column":35},"end":{"line":203,"column":71}},"type":"cond-expr","locations":[{"start":{"line":202,"column":20},"end":{"line":202,"column":70}},{"start":{"line":203,"column":20},"end":{"line":203,"column":71}}],"line":201}},"s":{"0":0,"1":0,"2":0,"3":0,"4":0,"5":0,"6":0,"7":0,"8":0,"9":0,"10":0,"11":0,"12":0,"13":0,"14":0,"15":0,"16":0,"17":0,"18":0,"19":0,"20":0,"21":0,"22":0,"23":0,"24":0,"25":0,"26":0,"27":0,"28":0,"29":0},"f":{"0":0,"1":0,"2":0,"3":0,"4":0},"b":{"0":[0,0],"1":[0,0],"2":[0,0],"3":[0,0],"4":[0,0],"5":[0,0],"6":[0,0,0],"7":[0,0],"8":[0,0],"9":[0,0],"10":[0,0],"11":[0,0],"12":[0,0],"13":[0,0],"14":[0,0],"15":[0,0],"16":[0,0],"17":[0,0],"18":[0,0],"19":[0,0],"20":[0,0],"21":[0,0],"22":[0,0],"23":[0,0],"24":[0,0,0],"25":[0,0],"26":[0,0],"27":[0,0],"28":[0,0,0,0],"29":[0,0]}}
,"C:\\Users\\yasin\\ne-izlesem\\components\\ErrorMessage.tsx": {"path":"C:\\Users\\yasin\\ne-izlesem\\components\\ErrorMessage.tsx","statementMap":{"0":{"start":{"line":11,"column":57},"end":{"line":30,"column":1}},"1":{"start":{"line":16,"column":2},"end":{"line":29,"column":4}},"2":{"start":{"line":32,"column":15},"end":{"line":45,"column":2}}},"fnMap":{"0":{"name":"(anonymous_0)","decl":{"start":{"line":11,"column":57},"end":{"line":11,"column":58}},"loc":{"start":{"line":15,"column":6},"end":{"line":30,"column":1}},"line":15}},"branchMap":{"0":{"loc":{"start":{"line":14,"column":2},"end":{"line":14,"column":33}},"type":"default-arg","locations":[{"start":{"line":14,"column":20},"end":{"line":14,"column":33}}],"line":14},"1":{"loc":{"start":{"line":19,"column":7},"end":{"line":27,"column":7}},"type":"binary-expr","locations":[{"start":{"line":19,"column":7},"end":{"line":19,"column":14}},{"start":{"line":20,"column":8},"end":{"line":26,"column":17}}],"line":19}},"s":{"0":0,"1":0,"2":0},"f":{"0":0},"b":{"0":[0],"1":[0,0]}}
,"C:\\Users\\yasin\\ne-izlesem\\components\\Loader.tsx": {"path":"C:\\Users\\yasin\\ne-izlesem\\components\\Loader.tsx","statementMap":{"0":{"start":{"line":11,"column":45},"end":{"line":21,"column":1}},"1":{"start":{"line":15,"column":2},"end":{"line":20,"column":4}},"2":{"start":{"line":23,"column":15},"end":{"line":34,"column":2}}},"fnMap":{"0":{"name":"(anonymous_0)","decl":{"start":{"line":11,"column":45},"end":{"line":11,"column":46}},"loc":{"start":{"line":14,"column":6},"end":{"line":21,"column":1}},"line":14}},"branchMap":{"0":{"loc":{"start":{"line":13,"column":2},"end":{"line":13,"column":16}},"type":"default-arg","locations":[{"start":{"line":13,"column":9},"end":{"line":13,"column":16}}],"line":13},"1":{"loc":{"start":{"line":18,"column":7},"end":{"line":18,"column":63}},"type":"binary-expr","locations":[{"start":{"line":18,"column":7},"end":{"line":18,"column":14}},{"start":{"line":18,"column":18},"end":{"line":18,"column":63}}],"line":18}},"s":{"0":0,"1":0,"2":0},"f":{"0":0},"b":{"0":[0],"1":[0,0]}}
,"C:\\Users\\yasin\\ne-izlesem\\components\\MediaCard.tsx": {"path":"C:\\Users\\yasin\\ne-izlesem\\components\\MediaCard.tsx","statementMap":{"0":{"start":{"line":24,"column":51},"end":{"line":192,"column":1}},"1":{"start":{"line":26,"column":20},"end":{"line":26,"column":41}},"2":{"start":{"line":28,"column":20},"end":{"line":28,"column":30}},"3":{"start":{"line":31,"column":20},"end":{"line":31,"column":50}},"4":{"start":{"line":32,"column":22},"end":{"line":32,"column":64}},"5":{"start":{"line":33,"column":23},"end":{"line":33,"column":40}},"6":{"start":{"line":36,"column":32},"end":{"line":36,"column":43}},"7":{"start":{"line":39,"column":63},"end":{"line":42,"column":3}},"8":{"start":{"line":44,"column":19},"end":{"line":46,"column":57}},"9":{"start":{"line":48,"column":16},"end":{"line":48,"column":52}},"10":{"start":{"line":49,"column":24},"end":{"line":49,"column":65}},"11":{"start":{"line":51,"column":22},"end":{"line":55,"column":10}},"12":{"start":{"line":58,"column":17},"end":{"line":64,"column":20}},"13":{"start":{"line":61,"column":20},"end":{"line":61,"column":52}},"14":{"start":{"line":61,"column":40},"end":{"line":61,"column":51}},"15":{"start":{"line":62,"column":6},"end":{"line":62,"column":37}},"16":{"start":{"line":67,"column":30},"end":{"line":69,"column":32}},"17":{"start":{"line":71,"column":2},"end":{"line":191,"column":4}},"18":{"start":{"line":145,"column":20},"end":{"line":151,"column":27}},"19":{"start":{"line":169,"column":20},"end":{"line":174,"column":22}},"20":{"start":{"line":194,"column":15},"end":{"line":260,"column":2}}},"fnMap":{"0":{"name":"(anonymous_0)","decl":{"start":{"line":24,"column":51},"end":{"line":24,"column":52}},"loc":{"start":{"line":24,"column":74},"end":{"line":192,"column":1}},"line":24},"1":{"name":"(anonymous_1)","decl":{"start":{"line":60,"column":9},"end":{"line":60,"column":10}},"loc":{"start":{"line":60,"column":15},"end":{"line":63,"column":5}},"line":60},"2":{"name":"(anonymous_2)","decl":{"start":{"line":61,"column":35},"end":{"line":61,"column":36}},"loc":{"start":{"line":61,"column":40},"end":{"line":61,"column":51}},"line":61},"3":{"name":"(anonymous_3)","decl":{"start":{"line":144,"column":30},"end":{"line":144,"column":31}},"loc":{"start":{"line":145,"column":20},"end":{"line":151,"column":27}},"line":145},"4":{"name":"(anonymous_4)","decl":{"start":{"line":168,"column":53},"end":{"line":168,"column":54}},"loc":{"start":{"line":169,"column":20},"end":{"line":174,"column":22}},"line":169}},"branchMap":{"0":{"loc":{"start":{"line":31,"column":20},"end":{"line":31,"column":50}},"type":"cond-expr","locations":[{"start":{"line":31,"column":34},"end":{"line":31,"column":37}},{"start":{"line":31,"column":40},"end":{"line":31,"column":50}}],"line":31},"1":{"loc":{"start":{"line":32,"column":22},"end":{"line":32,"column":64}},"type":"cond-expr","locations":[{"start":{"line":32,"column":36},"end":{"line":32,"column":39}},{"start":{"line":32,"column":42},"end":{"line":32,"column":64}}],"line":32},"2":{"loc":{"start":{"line":32,"column":42},"end":{"line":32,"column":64}},"type":"cond-expr","locations":[{"start":{"line":32,"column":56},"end":{"line":32,"column":59}},{"start":{"line":32,"column":62},"end":{"line":32,"column":64}}],"line":32},"3":{"loc":{"start":{"line":41,"column":4},"end":{"line":41,"column":30}},"type":"binary-expr","locations":[{"start":{"line":41,"column":4},"end":{"line":41,"column":19}},{"start":{"line":41,"column":23},"end":{"line":41,"column":30}}],"line":41},"4":{"loc":{"start":{"line":44,"column":19},"end":{"line":46,"column":57}},"type":"cond-expr","locations":[{"start":{"line":45,"column":6},"end":{"line":45,"column":53}},{"start":{"line":46,"column":6},"end":{"line":46,"column":57}}],"line":44},"5":{"loc":{"start":{"line":48,"column":16},"end":{"line":48,"column":52}},"type":"binary-expr","locations":[{"start":{"line":48,"column":16},"end":{"line":48,"column":26}},{"start":{"line":48,"column":30},"end":{"line":48,"column":39}},{"start":{"line":48,"column":43},"end":{"line":48,"column":52}}],"line":48},"6":{"loc":{"start":{"line":49,"column":24},"end":{"line":49,"column":65}},"type":"binary-expr","locations":[{"start":{"line":49,"column":24},"end":{"line":49,"column":43}},{"start":{"line":49,"column":47},"end":{"line":49,"column":65}}],"line":49},"7":{"loc":{"start":{"line":51,"column":22},"end":{"line":55,"column":10}},"type":"cond-expr","locations":[{"start":{"line":52,"column":6},"end":{"line":52,"column":47}},{"start":{"line":53,"column":6},"end":{"line":55,"column":10}}],"line":51},"8":{"loc":{"start":{"line":53,"column":6},"end":{"line":55,"column":10}},"type":"cond-expr","locations":[{"start":{"line":54,"column":6},"end":{"line":54,"column":49}},{"start":{"line":55,"column":6},"end":{"line":55,"column":10}}],"line":53},"9":{"loc":{"start":{"line":62,"column":13},"end":{"line":62,"column":36}},"type":"cond-expr","locations":[{"start":{"line":62,"column":21},"end":{"line":62,"column":31}},{"start":{"line":62,"column":34},"end":{"line":62,"column":36}}],"line":62},"10":{"loc":{"start":{"line":67,"column":30},"end":{"line":69,"column":32}},"type":"cond-expr","locations":[{"start":{"line":68,"column":6},"end":{"line":68,"column":29}},{"start":{"line":69,"column":6},"end":{"line":69,"column":32}}],"line":67},"11":{"loc":{"start":{"line":77,"column":21},"end":{"line":77,"column":69}},"type":"binary-expr","locations":[{"start":{"line":77,"column":21},"end":{"line":77,"column":36}},{"start":{"line":77,"column":41},"end":{"line":77,"column":68}}],"line":77},"12":{"loc":{"start":{"line":77,"column":41},"end":{"line":77,"column":68}},"type":"cond-expr","locations":[{"start":{"line":77,"column":54},"end":{"line":77,"column":61}},{"start":{"line":77,"column":64},"end":{"line":77,"column":68}}],"line":77},"13":{"loc":{"start":{"line":114,"column":15},"end":{"line":122,"column":15}},"type":"binary-expr","locations":[{"start":{"line":114,"column":15},"end":{"line":114,"column":28}},{"start":{"line":114,"column":32},"end":{"line":114,"column":55}},{"start":{"line":115,"column":16},"end":{"line":121,"column":23}}],"line":114},"14":{"loc":{"start":{"line":124,"column":15},"end":{"line":131,"column":15}},"type":"binary-expr","locations":[{"start":{"line":124,"column":15},"end":{"line":124,"column":26}},{"start":{"line":125,"column":16},"end":{"line":130,"column":23}}],"line":124},"15":{"loc":{"start":{"line":142,"column":15},"end":{"line":154,"column":15}},"type":"binary-expr","locations":[{"start":{"line":142,"column":15},"end":{"line":142,"column":32}},{"start":{"line":143,"column":16},"end":{"line":153,"column":23}}],"line":142},"16":{"loc":{"start":{"line":162,"column":19},"end":{"line":162,"column":51}},"type":"binary-expr","locations":[{"start":{"line":162,"column":19},"end":{"line":162,"column":32}},{"start":{"line":162,"column":36},"end":{"line":162,"column":51}}],"line":162},"17":{"loc":{"start":{"line":166,"column":15},"end":{"line":185,"column":15}},"type":"binary-expr","locations":[{"start":{"line":166,"column":15},"end":{"line":166,"column":43}},{"start":{"line":167,"column":16},"end":{"line":184,"column":23}}],"line":166},"18":{"loc":{"start":{"line":176,"column":19},"end":{"line":183,"column":19}},"type":"binary-expr","locations":[{"start":{"line":176,"column":19},"end":{"line":176,"column":47}},{"start":{"line":177,"column":20},"end":{"line":182,"column":27}}],"line":176}},"s":{"0":0,"1":0,"2":0,"3":0,"4":0,"5":0,"6":0,"7":0,"8":0,"9":0,"10":0,"11":0,"12":0,"13":0,"14":0,"15":0,"16":0,"17":0,"18":0,"19":0,"20":0},"f":{"0":0,"1":0,"2":0,"3":0,"4":0},"b":{"0":[0,0],"1":[0,0],"2":[0,0],"3":[0,0],"4":[0,0],"5":[0,0,0],"6":[0,0],"7":[0,0],"8":[0,0],"9":[0,0],"10":[0,0],"11":[0,0],"12":[0,0],"13":[0,0,0],"14":[0,0],"15":[0,0],"16":[0,0],"17":[0,0],"18":[0,0]}}
,"C:\\Users\\yasin\\ne-izlesem\\components\\RatingStars.tsx": {"path":"C:\\Users\\yasin\\ne-izlesem\\components\\RatingStars.tsx","statementMap":{"0":{"start":{"line":14,"column":55},"end":{"line":84,"column":1}},"1":{"start":{"line":23,"column":27},"end":{"line":23,"column":65}},"2":{"start":{"line":24,"column":16},"end":{"line":24,"column":18}},"3":{"start":{"line":27,"column":20},"end":{"line":27,"column":48}},"4":{"start":{"line":28,"column":22},"end":{"line":28,"column":57}},"5":{"start":{"line":29,"column":21},"end":{"line":29,"column":58}},"6":{"start":{"line":32,"column":20},"end":{"line":32,"column":23}},"7":{"start":{"line":33,"column":20},"end":{"line":33,"column":23}},"8":{"start":{"line":34,"column":21},"end":{"line":34,"column":24}},"9":{"start":{"line":37,"column":2},"end":{"line":46,"column":3}},"10":{"start":{"line":37,"column":15},"end":{"line":37,"column":16}},"11":{"start":{"line":38,"column":4},"end":{"line":45,"column":6}},"12":{"start":{"line":49,"column":2},"end":{"line":58,"column":3}},"13":{"start":{"line":50,"column":4},"end":{"line":57,"column":6}},"14":{"start":{"line":61,"column":2},"end":{"line":70,"column":3}},"15":{"start":{"line":61,"column":15},"end":{"line":61,"column":16}},"16":{"start":{"line":62,"column":4},"end":{"line":69,"column":6}},"17":{"start":{"line":72,"column":2},"end":{"line":83,"column":4}},"18":{"start":{"line":86,"column":15},"end":{"line":105,"column":2}}},"fnMap":{"0":{"name":"(anonymous_0)","decl":{"start":{"line":14,"column":55},"end":{"line":14,"column":56}},"loc":{"start":{"line":21,"column":6},"end":{"line":84,"column":1}},"line":21}},"branchMap":{"0":{"loc":{"start":{"line":16,"column":2},"end":{"line":16,"column":16}},"type":"default-arg","locations":[{"start":{"line":16,"column":14},"end":{"line":16,"column":16}}],"line":16},"1":{"loc":{"start":{"line":17,"column":2},"end":{"line":17,"column":11}},"type":"default-arg","locations":[{"start":{"line":17,"column":9},"end":{"line":17,"column":11}}],"line":17},"2":{"loc":{"start":{"line":18,"column":2},"end":{"line":18,"column":17}},"type":"default-arg","locations":[{"start":{"line":18,"column":13},"end":{"line":18,"column":17}}],"line":18},"3":{"loc":{"start":{"line":20,"column":2},"end":{"line":20,"column":19}},"type":"default-arg","locations":[{"start":{"line":20,"column":10},"end":{"line":20,"column":19}}],"line":20},"4":{"loc":{"start":{"line":23,"column":27},"end":{"line":23,"column":65}},"type":"cond-expr","locations":[{"start":{"line":23,"column":46},"end":{"line":23,"column":56}},{"start":{"line":23,"column":59},"end":{"line":23,"column":65}}],"line":23},"5":{"loc":{"start":{"line":29,"column":38},"end":{"line":29,"column":57}},"type":"cond-expr","locations":[{"start":{"line":29,"column":52},"end":{"line":29,"column":53}},{"start":{"line":29,"column":56},"end":{"line":29,"column":57}}],"line":29},"6":{"loc":{"start":{"line":49,"column":2},"end":{"line":58,"column":3}},"type":"if","locations":[{"start":{"line":49,"column":2},"end":{"line":58,"column":3}},{"start":{},"end":{}}],"line":49},"7":{"loc":{"start":{"line":76,"column":7},"end":{"line":81,"column":7}},"type":"binary-expr","locations":[{"start":{"line":76,"column":7},"end":{"line":76,"column":15}},{"start":{"line":77,"column":8},"end":{"line":80,"column":15}}],"line":76},"8":{"loc":{"start":{"line":79,"column":11},"end":{"line":79,"column":78}},"type":"binary-expr","locations":[{"start":{"line":79,"column":11},"end":{"line":79,"column":21}},{"start":{"line":79,"column":25},"end":{"line":79,"column":78}}],"line":79}},"s":{"0":0,"1":0,"2":0,"3":0,"4":0,"5":0,"6":0,"7":0,"8":0,"9":0,"10":0,"11":0,"12":0,"13":0,"14":0,"15":0,"16":0,"17":0,"18":0},"f":{"0":0},"b":{"0":[0],"1":[0],"2":[0],"3":[0],"4":[0,0],"5":[0,0],"6":[0,0],"7":[0,0],"8":[0,0]}}
,"C:\\Users\\yasin\\ne-izlesem\\components\\StreamingServiceIcon.tsx": {"path":"C:\\Users\\yasin\\ne-izlesem\\components\\StreamingServiceIcon.tsx","statementMap":{"0":{"start":{"line":7,"column":59},"end":{"line":21,"column":1}},"1":{"start":{"line":30,"column":73},"end":{"line":53,"column":1}},"2":{"start":{"line":37,"column":24},"end":{"line":37,"column":63}},"3":{"start":{"line":39,"column":2},"end":{"line":41,"column":3}},"4":{"start":{"line":40,"column":4},"end":{"line":40,"column":87}},"5":{"start":{"line":43,"column":2},"end":{"line":52,"column":4}},"6":{"start":{"line":55,"column":15},"end":{"line":65,"column":2}}},"fnMap":{"0":{"name":"(anonymous_0)","decl":{"start":{"line":30,"column":73},"end":{"line":30,"column":74}},"loc":{"start":{"line":35,"column":6},"end":{"line":53,"column":1}},"line":35}},"branchMap":{"0":{"loc":{"start":{"line":32,"column":2},"end":{"line":32,"column":11}},"type":"default-arg","locations":[{"start":{"line":32,"column":9},"end":{"line":32,"column":11}}],"line":32},"1":{"loc":{"start":{"line":37,"column":24},"end":{"line":37,"column":63}},"type":"binary-expr","locations":[{"start":{"line":37,"column":24},"end":{"line":37,"column":32}},{"start":{"line":37,"column":36},"end":{"line":37,"column":63}}],"line":37},"2":{"loc":{"start":{"line":39,"column":2},"end":{"line":41,"column":3}},"type":"if","locations":[{"start":{"line":39,"column":2},"end":{"line":41,"column":3}},{"start":{},"end":{}}],"line":39}},"s":{"0":0,"1":0,"2":0,"3":0,"4":0,"5":0,"6":0},"f":{"0":0},"b":{"0":[0],"1":[0,0],"2":[0,0]}}
,"C:\\Users\\yasin\\ne-izlesem\\constants\\.env.ts": {"path":"C:\\Users\\yasin\\ne-izlesem\\constants\\.env.ts","statementMap":{"0":{"start":{"line":1,"column":19},"end":{"line":5,"column":1}}},"fnMap":{},"branchMap":{},"s":{"0":0},"f":{},"b":{}}
,"C:\\Users\\yasin\\ne-izlesem\\context\\ThemeContext.tsx": {"path":"C:\\Users\\yasin\\ne-izlesem\\context\\ThemeContext.tsx","statementMap":{"0":{"start":{"line":8,"column":26},"end":{"line":8,"column":37}},"1":{"start":{"line":27,"column":39},"end":{"line":39,"column":1}},"2":{"start":{"line":41,"column":38},"end":{"line":53,"column":1}},"3":{"start":{"line":65,"column":28},"end":{"line":71,"column":2}},"4":{"start":{"line":74,"column":24},"end":{"line":74,"column":54}},"5":{"start":{"line":74,"column":30},"end":{"line":74,"column":54}},"6":{"start":{"line":77,"column":70},"end":{"line":140,"column":1}},"7":{"start":{"line":78,"column":22},"end":{"line":78,"column":38}},"8":{"start":{"line":79,"column":36},"end":{"line":79,"column":65}},"9":{"start":{"line":83,"column":4},"end":{"line":83,"column":78}},"10":{"start":{"line":86,"column":16},"end":{"line":86,"column":51}},"11":{"start":{"line":89,"column":2},"end":{"line":102,"column":9}},"12":{"start":{"line":90,"column":32},"end":{"line":99,"column":5}},"13":{"start":{"line":91,"column":6},"end":{"line":98,"column":7}},"14":{"start":{"line":92,"column":31},"end":{"line":92,"column":76}},"15":{"start":{"line":93,"column":8},"end":{"line":95,"column":9}},"16":{"start":{"line":94,"column":10},"end":{"line":94,"column":52}},"17":{"start":{"line":97,"column":8},"end":{"line":97,"column":65}},"18":{"start":{"line":101,"column":4},"end":{"line":101,"column":26}},"19":{"start":{"line":105,"column":2},"end":{"line":115,"column":18}},"20":{"start":{"line":106,"column":32},"end":{"line":112,"column":5}},"21":{"start":{"line":107,"column":6},"end":{"line":111,"column":7}},"22":{"start":{"line":108,"column":8},"end":{"line":108,"column":65}},"23":{"start":{"line":110,"column":8},"end":{"line":110,"column":65}},"24":{"start":{"line":114,"column":4},"end":{"line":114,"column":26}},"25":{"start":{"line":118,"column":22},"end":{"line":125,"column":3}},"26":{"start":{"line":119,"column":4},"end":{"line":124,"column":7}},"27":{"start":{"line":120,"column":6},"end":{"line":120,"column":46}},"28":{"start":{"line":120,"column":32},"end":{"line":120,"column":46}},"29":{"start":{"line":121,"column":6},"end":{"line":121,"column":46}},"30":{"start":{"line":121,"column":31},"end":{"line":121,"column":46}},"31":{"start":{"line":123,"column":6},"end":{"line":123,"column":55}},"32":{"start":{"line":127,"column":2},"end":{"line":139,"column":4}}},"fnMap":{"0":{"name":"(anonymous_0)","decl":{"start":{"line":69,"column":16},"end":{"line":69,"column":17}},"loc":{"start":{"line":69,"column":22},"end":{"line":69,"column":24}},"line":69},"1":{"name":"(anonymous_1)","decl":{"start":{"line":70,"column":15},"end":{"line":70,"column":16}},"loc":{"start":{"line":70,"column":21},"end":{"line":70,"column":23}},"line":70},"2":{"name":"(anonymous_2)","decl":{"start":{"line":74,"column":24},"end":{"line":74,"column":25}},"loc":{"start":{"line":74,"column":30},"end":{"line":74,"column":54}},"line":74},"3":{"name":"(anonymous_3)","decl":{"start":{"line":77,"column":70},"end":{"line":77,"column":71}},"loc":{"start":{"line":77,"column":88},"end":{"line":140,"column":1}},"line":77},"4":{"name":"(anonymous_4)","decl":{"start":{"line":89,"column":12},"end":{"line":89,"column":13}},"loc":{"start":{"line":89,"column":18},"end":{"line":102,"column":3}},"line":89},"5":{"name":"(anonymous_5)","decl":{"start":{"line":90,"column":32},"end":{"line":90,"column":33}},"loc":{"start":{"line":90,"column":44},"end":{"line":99,"column":5}},"line":90},"6":{"name":"(anonymous_6)","decl":{"start":{"line":105,"column":12},"end":{"line":105,"column":13}},"loc":{"start":{"line":105,"column":18},"end":{"line":115,"column":3}},"line":105},"7":{"name":"(anonymous_7)","decl":{"start":{"line":106,"column":32},"end":{"line":106,"column":33}},"loc":{"start":{"line":106,"column":44},"end":{"line":112,"column":5}},"line":106},"8":{"name":"(anonymous_8)","decl":{"start":{"line":118,"column":22},"end":{"line":118,"column":23}},"loc":{"start":{"line":118,"column":28},"end":{"line":125,"column":3}},"line":118},"9":{"name":"(anonymous_9)","decl":{"start":{"line":119,"column":17},"end":{"line":119,"column":18}},"loc":{"start":{"line":119,"column":29},"end":{"line":124,"column":5}},"line":119}},"branchMap":{"0":{"loc":{"start":{"line":83,"column":4},"end":{"line":83,"column":78}},"type":"binary-expr","locations":[{"start":{"line":83,"column":4},"end":{"line":83,"column":24}},{"start":{"line":83,"column":29},"end":{"line":83,"column":51}},{"start":{"line":83,"column":55},"end":{"line":83,"column":77}}],"line":83},"1":{"loc":{"start":{"line":86,"column":16},"end":{"line":86,"column":51}},"type":"cond-expr","locations":[{"start":{"line":86,"column":29},"end":{"line":86,"column":38}},{"start":{"line":86,"column":41},"end":{"line":86,"column":51}}],"line":86},"2":{"loc":{"start":{"line":93,"column":8},"end":{"line":95,"column":9}},"type":"if","locations":[{"start":{"line":93,"column":8},"end":{"line":95,"column":9}},{"start":{},"end":{}}],"line":93},"3":{"loc":{"start":{"line":120,"column":6},"end":{"line":120,"column":46}},"type":"if","locations":[{"start":{"line":120,"column":6},"end":{"line":120,"column":46}},{"start":{},"end":{}}],"line":120},"4":{"loc":{"start":{"line":121,"column":6},"end":{"line":121,"column":46}},"type":"if","locations":[{"start":{"line":121,"column":6},"end":{"line":121,"column":46}},{"start":{},"end":{}}],"line":121},"5":{"loc":{"start":{"line":123,"column":13},"end":{"line":123,"column":54}},"type":"cond-expr","locations":[{"start":{"line":123,"column":38},"end":{"line":123,"column":45}},{"start":{"line":123,"column":48},"end":{"line":123,"column":54}}],"line":123}},"s":{"0":
[...]
,"C:\\Users\\yasin\\ne-izlesem\\services\\tmdbService.ts": {"path":"C:\\Users\\yasin\\ne-izlesem\\services\\tmdbService.ts","statementMap":{"0":{"start":{"line":12,"column":16},"end":{"line":19,"column":2}},"1":{"start":{"line":22,"column":0},"end":{"line":28,"column":2}},"2":{"start":{"line":23,"column":16},"end":{"line":23,"column":24}},"3":{"start":{"line":25,"column":4},"end":{"line":25,"column":76}},"4":{"start":{"line":26,"column":4},"end":{"line":26,"column":33}},"5":{"start":{"line":30,"column":27},"end":{"line":310,"column":1}},"6":{"start":{"line":39,"column":24},"end":{"line":39,"column":53}},"7":{"start":{"line":42,"column":21},"end":{"line":44,"column":24}},"8":{"start":{"line":46,"column":4},"end":{"line":54,"column":5}},"9":{"start":{"line":48,"column":6},"end":{"line":52,"column":7}},"10":{"start":{"line":49,"column":8},"end":{"line":49,"column":66}},"11":{"start":{"line":51,"column":8},"end":{"line":51,"column":59}},"12":{"start":{"line":53,"column":6},"end":{"line":53,"column":33}},"13":{"start":{"line":57,"column":4},"end":{"line":59,"column":5}},"14":{"start":{"line":58,"column":6},"end":{"line":58,"column":61}},"15":{"start":{"line":61,"column":4},"end":{"line":63,"column":5}},"16":{"start":{"line":62,"column":6},"end":{"line":62,"column":59}},"17":{"start":{"line":65,"column":4},"end":{"line":65,"column":71}},"18":{"start":{"line":67,"column":21},"end":{"line":67,"column":85}},"19":{"start":{"line":69,"column":4},"end":{"line":69,"column":76}},"20":{"start":{"line":72,"column":52},"end":{"line":78,"column":5}},"21":{"start":{"line":74,"column":51},"end":{"line":77,"column":7}},"22":{"start":{"line":80,"column":4},"end":{"line":80,"column":26}},"23":{"start":{"line":91,"column":24},"end":{"line":91,"column":53}},"24":{"start":{"line":94,"column":21},"end":{"line":96,"column":21}},"25":{"start":{"line":98,"column":4},"end":{"line":106,"column":5}},"26":{"start":{"line":100,"column":6},"end":{"line":104,"column":7}},"27":{"start":{"line":101,"column":8},"end":{"line":101,"column":66}},"28":{"start":{"line":103,"column":8},"end":{"line":103,"column":59}},"29":{"start":{"line":105,"column":6},"end":{"line":105,"column":33}},"30":{"start":{"line":109,"column":4},"end":{"line":111,"column":5}},"31":{"start":{"line":110,"column":6},"end":{"line":110,"column":55}},"32":{"start":{"line":113,"column":4},"end":{"line":115,"column":5}},"33":{"start":{"line":114,"column":6},"end":{"line":114,"column":53}},"34":{"start":{"line":117,"column":4},"end":{"line":117,"column":71}},"35":{"start":{"line":119,"column":21},"end":{"line":119,"column":85}},"36":{"start":{"line":121,"column":4},"end":{"line":121,"column":78}},"37":{"start":{"line":124,"column":52},"end":{"line":130,"column":5}},"38":{"start":{"line":126,"column":50},"end":{"line":129,"column":7}},"39":{"start":{"line":132,"column":4},"end":{"line":132,"column":26}},"40":{"start":{"line":137,"column":19},"end":{"line":139,"column":5}},"41":{"start":{"line":141,"column":21},"end":{"line":141,"column":85}},"42":{"start":{"line":142,"column":4},"end":{"line":145,"column":6}},"43":{"start":{"line":150,"column":19},"end":{"line":152,"column":5}},"44":{"start":{"line":154,"column":21},"end":{"line":154,"column":82}},"45":{"start":{"line":155,"column":4},"end":{"line":158,"column":6}},"46":{"start":{"line":168,"column":24},"end":{"line":172,"column":5}},"47":{"start":{"line":175,"column":4},"end":{"line":178,"column":5}},"48":{"start":{"line":176,"column":6},"end":{"line":176,"column":50}},"49":{"start":{"line":177,"column":6},"end":{"line":177,"column":49}},"50":{"start":{"line":180,"column":4},"end":{"line":183,"column":5}},"51":{"start":{"line":181,"column":6},"end":{"line":181,"column":48}},"52":{"start":{"line":182,"column":6},"end":{"line":182,"column":47}},"53":{"start":{"line":185,"column":21},"end":{"line":185,"column":92}},"54":{"start":{"line":188,"column":28},"end":{"line":190,"column":5}},"55":{"start":{"line":189,"column":14},"end":{"line":189,"column":69}},"56":{"start":{"line":192,"column":4},"end":{"line":195,"column":6}},"57":{"start":{"line":200,"column":4},"end":{"line":253,"column":5}},"58":{"start":{"line":202,"column":60},"end":{"line":213,"column":8}},"59":{"start":{"line":216,"column":6},"end":{"line":219,"column":7}},"60":{"start":{"line":217,"column":8},"end":{"line":217,"column":96}},"61":{"start":{"line":218,"column":8},"end":{"line":218,"column":18}},"62":{"start":{"line":222,"column":6},"end":{"line":225,"column":7}},"63":{"start":{"line":223,"column":8},"end":{"line":223,"column":90}},"64":{"start":{"line":224,"column":8},"end":{"line":224,"column":51}},"65":{"start":{"line":228,"column":29},"end":{"line":228,"column":64}},"66":{"start":{"line":229,"column":26},"end":{"line":229,"column":58}},"67":{"start":{"line":232,"column":27},"end":{"line":232,"column":62}},"68":{"start":{"line":235,"column":6},"end":{"line":237,"column":9}},"69":{"start":{"line":236,"column":8},"end":{"line":236,"column":57}},"70":{"start":{"line":240,"column":6},"end":{"line":242,"column":9}},"71":{"start":{"line":241,"column":8},"end":{"line":241,"column":57}},"72":{"start":{"line":245,"column":32},"end":{"line":245,"column":65}},"73":{"start":{"line":247,"column":6},"end":{"line":247,"column":169}},"74":{"start":{"line":249,"column":6},"end":{"line":249,"column":31}},"75":{"start":{"line":251,"column":6},"end":{"line":251,"column":62}},"76":{"start":{"line":252,"column":6},"end":{"line":252,"column":16}},"77":{"start":{"line":258,"column":21},"end":{"line":258,"column":66}},"78":{"start":{"line":259,"column":4},"end":{"line":259,"column":32}},"79":{"start":{"line":264,"column":4},"end":{"line":289,"column":5}},"80":{"start":{"line":266,"column":54},"end":{"line":269,"column":8}},"81":{"start":{"line":271,"column":26},"end":{"line":271,"column":63}},"82":{"start":{"line":272,"column":23},"end":{"line":272,"column":57}},"83":{"start":{"line":275,"column":24},"end":{"line":275,"column":40}},"84":{"start":{"line":278,"column":6},"end":{"line":282,"column":9}},"85":{"start":{"line":279,"column":8},"end":{"line":281,"column":9}},"86":{"start":{"line":279,"column":37},"end":{"line":279,"column":60}},"87":{"start":{"line":280,"column":10},"end":{"line":280,"column":34}},"88":{"start":{"line":285,"column":6},"end":{"line":285,"column":68}},"89":{"start":{"line":285,"column":38},"end":{"line":285,"column":66}},"90":{"start":{"line":287,"column":6},"end":{"line":287,"column":53}},"91":{"start":{"line":288,"column":6},"end":{"line":288,"column":16}},"92":{"start":{"line":294,"column":4},"end":{"line":308,"column":5}},"93":{"start":{"line":295,"column":23},"end":{"line":295,"column":79}},"94":{"start":{"line":298,"column":6},"end":{"line":301,"column":7}},"95":{"start":{"line":299,"column":8},"end":{"line":299,"column":99}},"96":{"start":{"line":300,"column":8},"end":{"line":300,"column":20}},"97":{"start":{"line":304,"column":6},"end":{"line":304,"column":46}},"98":{"start":{"line":306,"column":6},"end":{"line":306,"column":85}},"99":{"start":{"line":307,"column":6},"end":{"line":307,"column":18}}},"fnMap":{"0":{"name":"(anonymous_0)","decl":{"start":{"line":23,"column":2},"end":{"line":23,"column":3}},"loc":{"start":{"line":23,"column":16},"end":{"line":23,"column":24}},"line":23},"1":{"name":"(anonymous_1)","decl":{"start":{"line":24,"column":2},"end":{"line":24,"column":3}},"loc":{"start":{"line":24,"column":13},"end":{"line":27,"column":3}},"line":24},"2":{"name":"(anonymous_2)","decl":{"start":{"line":32,"column":20},"end":{"line":32,"column":21}},"loc":{"start":{"line":38,"column":41},"end":{"line":81,"column":3}},"line":38},"3":{"name":"(anonymous_3)","decl":{"start":{"line":74,"column":41},"end":{"line":74,"column":42}},"loc":{"start":{"line":74,"column":51},"end":{"line":77,"column":7}},"line":74},"4":{"name":"(anonymous_4)","decl":{"start":{"line":84,"column":21},"end":{"line":84,"column":22}},"loc":{"start":{"line":90,"column":41},"end":{"line":133,"column":3}},"line":90},"5":{"name":"(anonymous_5)","decl":{"start":{"line":126,"column":41},"end":{"line":126,"column":42}},"loc":{"start":{"line":126,"column":50},"end":{"line":129,"column":7}},"line":126},"6":{"name":"(anonymous_6)","decl":{"start":{"line":136,"column":19},"end":{"line":136,"column":20}},"loc":{"start":{"line":136,"column":69},"end":{"line":146,"column":3}},"line":136},"7":{"name":"(anonymous_7)","decl":{"start":{"line":149,"column":20},"end":{"line":149,"column":21}},"loc":{"start":{"line":149,"column":70},"end":{"line":159,"column":3}},"line":149},"8":{"name":"(anonymous_8)","decl":{"start":{"line":162,"column":15},"end":{"line":162,"column":16}},"loc":{"start":{"line":167,"column":41},"end":{"line":196,"column":3}},"line":167},"9":{"name":"(anonymous_9)","decl":{"start":{"line":189,"column":6},"end":{"line":189,"column":7}},"loc":{"start":{"line":189,"column":14},"end":{"line":189,"column":69}},"line":189},"10":{"name":"(anonymous_10)","decl":{"start":{"line":199,"column":21},"end":{"line":199,"column":22}},"loc":{"start":{"line":199,"column":62},"end":{"line":254,"column":3}},"line":199},"11":{"name":"(anonymous_11)","decl":{"start":{"line":235,"column":29},"end":{"line":235,"column":30}},"loc":{"start":{"line":235,"column":41},"end":{"line":237,"column":7}},"line":235},"12":{"name":"(anonymous_12)","decl":{"start":{"line":240,"column":26},"end":{"line":240,"column":27}},"loc":{"start":{"line":240,"column":38},"end":{"line":242,"column":7}},"line":240},"13":{"name":"(anonymous_13)","decl":{"start":{"line":257,"column":13},"end":{"line":257,"column":14}},"loc":{"start":{"line":257,"column":60},"end":{"line":260,"column":3}},"line":257},"14":{"name":"(anonymous_14)","decl":{"start":{"line":263,"column":21},"end":{"line":263,"column":22}},"loc":{"start":{"line":263,"column":51},"end":{"line":290,"column":3}},"line":263},"15":{"name":"(anonymous_15)","decl":{"start":{"line":278,"column":23},"end":{"line":278,"column":24}},"loc":{"start":{"line":278,"column":43},"end":{"line":282,"column":7}},"line":278},"16":{"name":"(anonymous_16)","decl":{"start":{"line":279,"column":28},"end":{"line":279,"column":29}},"loc":{"start":{"line":279,"column":37},"end":{"line":279,"column":60}},"line":279},"17":{"name":"(anonymous_17)","decl":{"start":{"line":285,"column":28},"end":{"line":285,"column":29}},"loc":{"start":{"line":285,"column":38},"end":{"line":285,"column":66}},"line":285},"18":{"name":"(anonymous_18)","decl":{"start":{"line":293,"column":25},"end":{"line":293,"column":26}},"loc":{"start":{"line":293,"column":88},"end":{"line":309,"column":3}},"line":293}},"branchMap":{"0":{"loc":{"start":{"line":25,"column":37},"end":{"line":25,"column":74}},"type":"binary-expr","locations":[{"start":{"line":25,"column":37},"end":{"line":25,"column":57}},{"start":{"line":25,"column":61},"end":{"line":25,"column":74}}],"line":25},"1":{"loc":{"start":{"line":33,"column":4},"end":{"line":33,"column":12}},"type":"default-arg","locations":[{"start":{"line":33,"column":11},"end":{"line":33,"column":12}}],"line":33},"2":{"loc":{"start":{"line":37,"column":4},"end":{"line":37,"column":46}},"type":"default-arg","locations":[{"start":{"line":37,"column":44},"end":{"line":37,"column":46}}],"line":37},"3":{"loc":{"start":{"line":42,"column":21},"end":{"line":44,"column":24}},"type":"cond-expr","locations":[{"start":{"line":43,"column":8},"end":{"line":43,"column":25}},{"start":{"line":44,"column":8},"end":{"line":44,"column":24}}],"line":42},"4":{"loc":{"start":{"line":42,"column":22},"end":{"line":42,"column":126}},"type":"binary-expr","locations":[{"start":{"line":42,"column":22},"end":{"line":42,"column":42}},{"start":{"line":42,"column":46},"end":{"line":42,"column":55}},{"start":{"line":42,"column":59},"end":{"line":42,"column":66}},{"start":{"line":42,"column":70},"end":{"line":42,"column":98}},{"start":{"line":42,"column":102},"end":{"line":42,"column":126}}],"line":42},"5":{"loc":{"start":{"line":46,"column":4},"end":{"line":54,"column":5}},"type":"if","locations":[{"start":{"line":46,"column":4},"end":{"line":54,"column":5}},{"start":{},"end":{}}],"line":46},"6":{"loc":{"start":{"line":48,"column":6},"end":{"line":52,"column":7}},"type":"if","locations":[{"start":{"line":48,"column":6},"end":{"line":52,"column":7}},{"start":{"line":50,"column":13},"end":{"line":52,"column":7}}],"line":48},"7":{"loc":{"start":{"line":57,"column":4},"end":{"line":59,"column":5}},"type":"if","locations":[{"start":{"line":57,"column":4},"end":{"line":59,"column":5}},{"start":{},"end":{}}],"line":57},"8":{"loc":{"start":{"line":61,"column":4},"end":{"line":63,"column":5}},"type":"if","locations":[{"start":{"line":61,"column":4},"end":{"line":63,"column":5}},{"start":{},"end":{}}],"line":61},"9":{"loc":{"start":{"line":85,"column":4},"end":{"line":85,"column":12}},"type":"default-arg","locations":[{"start":{"line":85,"column":11},"end":{"line":85,"column":12}}],"line":85},"10":{"loc":{"start":{"line":89,"column":4},"end":{"line":89,"column":46}},"type":"default-arg","locations":[{"start":{"line":89,"column":44},"end":{"line":89,"column":46}}],"line":89},"11":{"loc":{"start":{"line":94,"column":21},"end":{"line":96,"column":21}},"type":"cond-expr","locations":[{"start":{"line":95,"column":8},"end":{"line":95,"column":22}},{"start":{"line":96,"column":8},"end":{"line":96,"column":21}}],"line":94},"12":{"loc":{"start":{"line":94,"column":22},"end":{"line":94,"column":126}},"type":"binary-expr","locations":[{"start":{"line":94,"column":22},"end":{"line":94,"column":42}},{"start":{"line":94,"column":46},"end":{"line":94,"column":55}},{"start":{"line":94,"column":59},"end":{"line":94,"column":66}},{"start":{"line":94,"column":70},"end":{"line":94,"column":98}},{"start":{"line":94,"column":102},"end":{"line":94,"column":126}}],"line":94},"13":{"loc":{"start":{"line":98,"column":4},"end":{"line":106,"column":5}},"type":"if","locations":[{"start":{"line":98,"column":4},"end":{"line":106,"column":5}},{"start":{},"end":{}}],"line":98},"14":{"loc":{"start":{"line":100,"column":6},"end":{"line":104,"column":7}},"type":"if","locations":[{"start":{"line":100,"column":6},"end":{"line":104,"column":7}},{"start":{"line":102,"column":13},"end":{"line":104,"column":7}}],"line":100},"15":{"loc":{"start":{"line":109,"column":4},"end":{"line":111,"column":5}},"type":"if","locations":[{"start":{"line":109,"column":4},"end":{"line":111,"column":5}},{"start":{},"end":{}}],"line":109},"16":{"loc":{"start":{"line":113,"column":4},"end":{"line":115,"column":5}},"type":"if","locations":[{"start":{"line":113,"column":4},"end":{"line":115,"column":5}},{"start":{},"end":{}}],"line":113},"17":{"loc":{"start":{"line":164,"column":4},"end":{"line":164,"column":12}},"type":"default-arg","locations":[{"start":{"line":164,"column":11},"end":{"line":164,"column":12}}],"line":164},"18":{"loc":{"start":{"line":175,"column":4},"end":{"line":178,"column":5}},"type":"if","locations":[{"start":{"line":175,"column":4},"end":{"line":178,"column":5}},{"start":{},"end":{}}],"line":175},"19":{"loc":{"start":{"line":180,"column":4},"end":{"line":183,"column":5}},"type":"if","locations":[{"start":{"line":180,"column":4},"end":{"line":183,"column":5}},{"start":{},"end":{}}],"line":180},"20":{"loc":{"start":{"line":189,"column":14},"end":{"line":189,"column":69}},"type":"binary-expr","locations":[{"start":{"line":189,"column":14},"end":{"line":189,"column":41}},{"start":{"line":189,"column":45},"end":{"line":189,"column":69}}],"line":189},"21":{"loc":{"start":{"line":216,"column":6},"end":{"line":219,"column":7}},"type":"if","locations":[{"start":{"line":216,"column":6},"end":{"line":219,"column":7}},{"start":{},"end":{}}],"line":216},"22":{"loc":{"start":{"line":216,"column":10},"end":{"line":216,"column":133}},"type":"binary-expr","locations":[{"start":{"line":216,"column":10},"end":{"line":216,"column":38}},{"start":{"line":216,"column":42},"end":{"line":216,"column":78}},{"start":{"line":216,"column":82},"end":{"line":216,"column":133}}],"line":216},"23":{"loc":{"start":{"line":222,"column":6},"end":{"line":225,"column":7}},"type":"if","locations":[{"start":{"line":222,"column":6},"end":{"line":225,"column":7}},{"start":{},"end":{}}],"line":222},"24":{"loc":{"start":{"line":222,"column":10},"end":{"line":222,"column":124}},"type":"binary-expr","locations":[{"start":{"line":222,"column":10},"end":{"line":222,"column":35}},{"start":{"line":222,"column":39},"end":{"line":222,"column":72}},{"start":{"line":222,"column":76},"end":{"line":222,"column":124}}],"line":222},"25":{"loc":{"start":{"line":257,"column":20},"end":{"line":257,"column":55}},"type":"default-arg","locations":[{"start":{"line":257,"column":48},"end":{"line":257,"column":55}}],"line":257},"26":{"loc":{"start":{"line":271,"column":26},"end":{"line":271,"column":63}},"type":"binary-expr","locations":[{"start":{"line":271,"column":26},"end":{"line":271,"column":57}},{"start":{"line":271,"column":61},"end":{"line":271,"column":63}}],"line":271},"27":{"loc":{"start":{"line":272,"column":23},"end":{"line":272,"column":57}},"type":"binary-expr","locations":[{"start":{"line":272,"column":23},"end":{"line":272,"column":51}},{"start":{"line":272,"column":55},"end":{"line":272,"column":57}}],"line":272},"28":{"loc":{"start":{"line":279,"column":8},"end":{"line":281,"column":9}},"type":"if","locations":[{"start":{"line":279,"column":8},"end":{"line":281,"column":9}},{"start":{},"end":{}}],"line":279},"29":{"loc":{"start":{"line":298,"column":6},"end":{"line":301,"column":7}},"type":"if","locations":[{"start":{"line":298,"column":6},"end":{"line":301,"column":7}},{"start":{},"end":{}}],"line":298},"30":{"loc":{"start":{"line":298,"column":10},"end":{"line":298,"column":50}},"type":"binary-expr","locations":[{"start":{"line":298,"column":10},"end":{"line":298,"column":24}},{"start":{"line":298,"column":28},"end":{"line":298,"column":50}}],"line":298},"31":{"loc":{"start":{"line":304,"column":13},"end":{"line":304,"column":45}},"type":"binary-expr","locations":[{"start":{"line":304,"column":13},"end":{"line":304,"column":37}},{"start":{"line":304,"column":41},"end":{"line":304,"column":45}}],"line":304}},"s":{"0":0,"1":0,"2":0,"3":0,"4":0,"5":0,"6":0,"7":0,"8":0,"9":0,"10":0,"11":0,"12":0,"13":0,"14":0,"15":0,"16":0,"17":0,"18":0,"19":0,"20":0,"21":0,"22":0,"23":0,"24":0,"25":0,"26":0,"27":0,"28":0,"29":0,"30":0,"31":0,"32":0,"33":0,"34":0,"35":0,"36":0,"37":0,"38":0,"39":0,"40":0,"41":0,"42":0,"43":0,"44":0,"45":0,"46":0,"47":0,"48":0,"49":0,"50":0,"51":0,"52":0,"53":0,"54":0,"55":0,"56":0,"57":0,"58":0,"59":0,"60":0,"61":0,"62":0,"63":0,"64":0,"65":0,"66":0,"67":0,"68":0,"69":0,"70":0,"71":0,"72":0,"73":0,"74":0,"75":0,"76":0,"77":0,"78":0,"79":0,"80":0,"81":0,"82":0,"83":0,"84":0,"85":0,"86":0,"87":0,"88":0,"89":0,"90":0,"91":0,"92":0,"93":0,"94":0,"95":0,"96":0,"97":0,"98":0,"99":0},"f":{"0":0,"1":0,"2":0,"3":0,"4":0,"5":0,"6":0,"7":0,"8":0,"9":0,"10":0,"11":0,"12":0,"13":0,"14":0,"15":0,"16":0,"17":0,"18":0},"b":{"0":[0,0],"1":[0],"2":[0],"3":[0,0],"4":[0,0,0,0,0],"5":[0,0],"6":[0,0],"7":[0,0],"8":[0,0],"9":[0],"10":[0],"11":[0,0],"12":[0,0,0,0,0],"13":[0,0],"14":[0,0],"15":[0,0],"16":[0,0],"17":[0],"18":[0,0],"19":[0,0],"20":[0,0],"21":[0,0],"22":[0,0,0],"23":[0,0],"24":[0,0,0],"25":[0],"26":[0,0],"27":[0,0],"28":[0,0],"29":[0,0],"30":[0,0],"31":[0,0]}}
,"C:\\Users\\yasin\\ne-izlesem\\types\\index.ts": {"path":"C:\\Users\\yasin\\ne-izlesem\\types\\index.ts","statementMap":{},"fnMap":{},"branchMap":{},"s":{},"f":{},"b":{}}
}
