TN:
SF:App.tsx
FN:4,App
FNF:1
FNH:0
FNDA:0,App
DA:5,0
DA:13,0
LF:2
LH:0
BRF:0
BRH:0
end_of_record
TN:
SF:index.ts
FNF:0
FNH:0
DA:8,0
LF:1
LH:0
BRF:0
BRH:0
end_of_record
TN:
SF:app\_layout.tsx
FN:12,AppLayout
FN:37,RootLayout
FNF:2
FNH:0
FNDA:0,AppLayout
FNDA:0,RootLayout
DA:9,0
DA:13,0
DA:15,0
DA:38,0
LF:4
LH:0
BRDA:17,0,0,0
BRDA:17,0,1,0
BRF:2
BRH:0
end_of_record
TN:
SF:app\index.tsx
FN:9,HomeScreen
FN:18,(anonymous_1)
FN:23,(anonymous_2)
FNF:3
FNH:0
FNDA:0,HomeScreen
FNDA:0,(anonymous_1)
FNDA:0,(anonymous_2)
DA:10,0
DA:11,0
DA:13,0
DA:19,0
DA:117,0
LF:5
LH:0
BRDA:35,0,0,0
BRDA:35,0,1,0
BRF:2
BRH:0
end_of_record
TN:
SF:app\recommendations.tsx
FN:22,RecommendationsScreen
FN:55,(anonymous_1)
FN:67,(anonymous_2)
FN:75,(anonymous_3)
FN:84,(anonymous_4)
FN:92,(anonymous_5)
FN:94,(anonymous_6)
FN:101,(anonymous_7)
FN:106,(anonymous_8)
FN:107,(anonymous_9)
FN:114,(anonymous_10)
FN:115,(anonymous_11)
FN:121,(anonymous_12)
FN:123,(anonymous_13)
FN:144,(anonymous_14)
FN:151,(anonymous_15)
FN:171,(anonymous_16)
FN:175,(anonymous_17)
FN:183,(anonymous_18)
FN:187,(anonymous_19)
FN:191,(anonymous_20)
FN:203,(anonymous_21)
FN:207,(anonymous_22)
FN:214,(anonymous_23)
FN:217,(anonymous_24)
FN:239,(anonymous_25)
FN:244,(anonymous_26)
FN:250,(anonymous_27)
FN:259,(anonymous_28)
FN:260,(anonymous_29)
FN:280,(anonymous_30)
FNF:31
FNH:0
FNDA:0,RecommendationsScreen
FNDA:0,(anonymous_1)
FNDA:0,(anonymous_2)
FNDA:0,(anonymous_3)
FNDA:0,(anonymous_4)
FNDA:0,(anonymous_5)
FNDA:0,(anonymous_6)
FNDA:0,(anonymous_7)
FNDA:0,(anonymous_8)
FNDA:0,(anonymous_9)
FNDA:0,(anonymous_10)
FNDA:0,(anonymous_11)
FNDA:0,(anonymous_12)
FNDA:0,(anonymous_13)
FNDA:0,(anonymous_14)
FNDA:0,(anonymous_15)
FNDA:0,(anonymous_16)
FNDA:0,(anonymous_17)
FNDA:0,(anonymous_18)
FNDA:0,(anonymous_19)
FNDA:0,(anonymous_20)
FNDA:0,(anonymous_21)
FNDA:0,(anonymous_22)
FNDA:0,(anonymous_23)
FNDA:0,(anonymous_24)
FNDA:0,(anonymous_25)
FNDA:0,(anonymous_26)
FNDA:0,(anonymous_27)
FNDA:0,(anonymous_28)
FNDA:0,(anonymous_29)
FNDA:0,(anonymous_30)
DA:13,0
DA:23,0
DA:24,0
DA:25,0
DA:26,0
DA:27,0
DA:28,0
DA:29,0
DA:35,0
DA:44,0
DA:52,0
DA:55,0
DA:56,0
DA:64,0
DA:67,0
DA:68,0
DA:69,0
DA:75,0
DA:76,0
DA:84,0
DA:85,0
DA:92,0
DA:94,0
DA:95,0
DA:96,0
DA:97,0
DA:101,0
DA:102,0
DA:103,0
DA:106,0
DA:107,0
DA:111,0
DA:114,0
DA:115,0
DA:116,0
DA:117,0
DA:121,0
DA:122,0
DA:123,0
DA:127,0
DA:128,0
DA:138,0
DA:139,0
DA:144,0
DA:151,0
DA:152,0
DA:153,0
DA:154,0
DA:155,0
DA:159,0
DA:171,0
DA:175,0
DA:183,0
DA:187,0
DA:191,0
DA:203,0
DA:207,0
DA:215,0
DA:217,0
DA:240,0
DA:244,0
DA:250,0
DA:259,0
DA:260,0
DA:280,0
DA:289,0
LF:66
LH:0
BRDA:52,0,0,0
BRDA:52,0,1,0
BRDA:78,1,0,0
BRDA:78,1,1,0
BRDA:79,2,0,0
BRDA:79,2,1,0
BRDA:79,2,2,0
BRDA:86,3,0,0
BRDA:86,3,1,0
BRDA:87,4,0,0
BRDA:87,4,1,0
BRDA:87,4,2,0
BRDA:95,5,0,0
BRDA:95,5,1,0
BRDA:109,6,0,0
BRDA:109,6,1,0
BRDA:109,7,0,0
BRDA:109,7,1,0
BRDA:116,8,0,0
BRDA:116,8,1,0
BRDA:117,9,0,0
BRDA:117,9,1,0
BRDA:122,10,0,0
BRDA:122,10,1,0
BRDA:122,11,0,0
BRDA:122,11,1,0
BRDA:127,12,0,0
BRDA:127,12,1,0
BRDA:127,13,0,0
BRDA:127,13,1,0
BRDA:138,14,0,0
BRDA:138,14,1,0
BRDA:152,15,0,0
BRDA:152,15,1,0
BRDA:152,15,2,0
BRDA:219,16,0,0
BRDA:219,16,1,0
BRDA:220,17,0,0
BRDA:220,17,1,0
BRDA:232,18,0,0
BRDA:232,18,1,0
BRDA:256,19,0,0
BRDA:256,19,1,0
BRDA:256,20,0,0
BRDA:256,20,1,0
BRDA:266,21,0,0
BRDA:266,21,1,0
BRDA:266,22,0,0
BRDA:266,22,1,0
BRF:49
BRH:0
end_of_record
TN:
SF:app\search.tsx
FN:10,SearchScreen
FN:21,(anonymous_1)
FN:25,(anonymous_2)
FN:74,(anonymous_3)
FN:75,(anonymous_4)
FNF:5
FNH:0
FNDA:0,SearchScreen
FNDA:0,(anonymous_1)
FNDA:0,(anonymous_2)
FNDA:0,(anonymous_3)
FNDA:0,(anonymous_4)
DA:11,0
DA:12,0
DA:13,0
DA:16,0
DA:17,0
DA:19,0
DA:21,0
DA:25,0
DA:26,0
DA:27,0
DA:31,0
DA:74,0
DA:75,0
DA:105,0
LF:14
LH:0
BRDA:26,0,0,0
BRDA:26,0,1,0
BRDA:43,1,0,0
BRDA:43,1,1,0
BRDA:50,2,0,0
BRDA:50,2,1,0
BRDA:58,3,0,0
BRDA:58,3,1,0
BRDA:58,3,2,0
BRDA:58,3,3,0
BRDA:58,3,4,0
BRDA:63,4,0,0
BRDA:63,4,1,0
BRDA:63,4,2,0
BRDA:65,5,0,0
BRDA:65,5,1,0
BRDA:65,6,0,0
BRDA:65,6,1,0
BRDA:71,7,0,0
BRDA:71,7,1,0
BRDA:71,7,2,0
BRDA:71,7,3,0
BRDA:71,7,4,0
BRDA:74,8,0,0
BRDA:74,8,1,0
BRDA:78,9,0,0
BRDA:78,9,1,0
BRDA:78,10,0,0
BRDA:78,10,1,0
BRDA:81,11,0,0
BRDA:81,11,1,0
BRDA:81,12,0,0
BRDA:81,12,1,0
BRDA:89,13,0,0
BRDA:89,13,1,0
BRDA:94,14,0,0
BRDA:94,14,1,0
BRDA:94,14,2,0
BRDA:96,15,0,0
BRDA:96,15,1,0
BRDA:96,16,0,0
BRDA:96,16,1,0
BRF:42
BRH:0
end_of_record
TN:
SF:app\settings.tsx
FN:15,SettingsScreen
FN:23,(anonymous_1)
FN:25,(anonymous_2)
FN:43,(anonymous_3)
FN:49,(anonymous_4)
FN:55,(anonymous_5)
FN:60,(anonymous_6)
FN:111,(anonymous_7)
FN:119,(anonymous_8)
FN:127,(anonymous_9)
FN:155,(anonymous_10)
FN:170,(anonymous_11)
FNF:12
FNH:0
FNDA:0,SettingsScreen
FNDA:0,(anonymous_1)
FNDA:0,(anonymous_2)
FNDA:0,(anonymous_3)
FNDA:0,(anonymous_4)
FNDA:0,(anonymous_5)
FNDA:0,(anonymous_6)
FNDA:0,(anonymous_7)
FNDA:0,(anonymous_8)
FNDA:0,(anonymous_9)
FNDA:0,(anonymous_10)
FNDA:0,(anonymous_11)
DA:12,0
DA:13,0
DA:16,0
DA:17,0
DA:18,0
DA:19,0
DA:20,0
DA:21,0
DA:23,0
DA:25,0
DA:26,0
DA:28,0
DA:29,0
DA:30,0
DA:33,0
DA:35,0
DA:36,0
DA:40,0
DA:43,0
DA:45,0
DA:46,0
DA:49,0
DA:51,0
DA:52,0
DA:55,0
DA:56,0
DA:57,0
DA:60,0
DA:61,0
DA:63,0
DA:66,0
DA:67,0
DA:69,0
DA:71,0
DA:73,0
DA:77,0
DA:78,0
DA:88,0
DA:111,0
DA:119,0
DA:127,0
DA:155,0
DA:170,0
DA:191,0
LF:44
LH:0
BRDA:28,0,0,0
BRDA:28,0,1,0
BRDA:77,1,0,0
BRDA:77,1,1,0
BRDA:110,2,0,0
BRDA:110,2,1,0
BRDA:118,3,0,0
BRDA:118,3,1,0
BRDA:126,4,0,0
BRDA:126,4,1,0
BRDA:158,5,0,0
BRDA:158,5,1,0
BRDA:173,6,0,0
BRDA:173,6,1,0
BRF:14
BRH:0
end_of_record
TN:
SF:app\streaming-services.tsx
FN:31,StreamingServicesScreen
FN:44,(anonymous_1)
FN:46,(anonymous_2)
FN:62,(anonymous_3)
FN:63,(anonymous_4)
FN:65,(anonymous_5)
FN:72,(anonymous_6)
FN:90,(anonymous_7)
FN:94,(anonymous_8)
FN:99,(anonymous_9)
FN:138,(anonymous_10)
FN:160,(anonymous_11)
FN:161,(anonymous_12)
FN:177,(anonymous_13)
FN:182,(anonymous_14)
FNF:15
FNH:0
FNDA:0,StreamingServicesScreen
FNDA:0,(anonymous_1)
FNDA:0,(anonymous_2)
FNDA:0,(anonymous_3)
FNDA:0,(anonymous_4)
FNDA:0,(anonymous_5)
FNDA:0,(anonymous_6)
FNDA:0,(anonymous_7)
FNDA:0,(anonymous_8)
FNDA:0,(anonymous_9)
FNDA:0,(anonymous_10)
FNDA:0,(anonymous_11)
FNDA:0,(anonymous_12)
FNDA:0,(anonymous_13)
FNDA:0,(anonymous_14)
DA:15,0
DA:32,0
DA:33,0
DA:34,0
DA:35,0
DA:36,0
DA:39,0
DA:44,0
DA:46,0
DA:47,0
DA:49,0
DA:50,0
DA:53,0
DA:55,0
DA:59,0
DA:62,0
DA:63,0
DA:64,0
DA:65,0
DA:67,0
DA:72,0
DA:73,0
DA:75,0
DA:78,0
DA:79,0
DA:81,0
DA:83,0
DA:85,0
DA:90,0
DA:91,0
DA:94,0
DA:95,0
DA:99,0
DA:100,0
DA:103,0
DA:104,0
DA:106,0
DA:107,0
DA:108,0
DA:109,0
DA:110,0
DA:111,0
DA:115,0
DA:116,0
DA:117,0
DA:121,0
DA:122,0
DA:132,0
DA:133,0
DA:138,0
DA:145,0
DA:147,0
DA:160,0
DA:162,0
DA:177,0
DA:182,0
DA:206,0
LF:57
LH:0
BRDA:49,0,0,0
BRDA:49,0,1,0
BRDA:64,1,0,0
BRDA:64,1,1,0
BRDA:91,2,0,0
BRDA:91,2,1,0
BRDA:91,3,0,0
BRDA:91,3,1,0
BRDA:95,4,0,0
BRDA:95,4,1,0
BRDA:95,4,2,0
BRDA:100,5,0,0
BRDA:100,5,1,0
BRDA:100,6,0,0
BRDA:100,6,1,0
BRDA:106,7,0,0
BRDA:106,7,1,0
BRDA:106,8,0,0
BRDA:106,8,1,0
BRDA:108,9,0,0
BRDA:108,9,1,0
BRDA:110,10,0,0
BRDA:110,10,1,0
BRDA:115,11,0,0
BRDA:115,11,1,0
BRDA:116,12,0,0
BRDA:116,12,1,0
BRDA:121,13,0,0
BRDA:121,13,1,0
BRDA:121,14,0,0
BRDA:121,14,1,0
BRDA:132,15,0,0
BRDA:132,15,1,0
BRDA:157,16,0,0
BRDA:157,16,1,0
BRDA:160,17,0,0
BRDA:160,17,1,0
BRDA:172,18,0,0
BRDA:172,18,1,0
BRDA:176,19,0,0
BRDA:176,19,1,0
BRF:41
BRH:0
end_of_record
TN:
SF:app\details\[id].tsx
FN:22,DetailsScreen
FN:29,(anonymous_1)
FN:141,(anonymous_2)
FN:177,(anonymous_3)
FN:200,(anonymous_4)
FNF:5
FNH:0
FNDA:0,DetailsScreen
FNDA:0,(anonymous_1)
FNDA:0,(anonymous_2)
FNDA:0,(anonymous_3)
FNDA:0,(anonymous_4)
DA:18,0
DA:19,0
DA:20,0
DA:23,0
DA:24,0
DA:27,0
DA:30,0
DA:31,0
DA:32,0
DA:34,0
DA:39,0
DA:40,0
DA:48,0
DA:49,0
DA:58,0
DA:59,0
DA:65,0
DA:71,0
DA:77,0
DA:81,0
DA:86,0
DA:87,0
DA:90,0
DA:95,0
DA:99,0
DA:142,0
DA:178,0
DA:201,0
DA:205,0
DA:225,0
LF:30
LH:0
BRDA:30,0,0,0
BRDA:30,0,1,0
BRDA:31,1,0,0
BRDA:31,1,1,0
BRDA:36,2,0,0
BRDA:36,2,1,0
BRDA:39,3,0,0
BRDA:39,3,1,0
BRDA:48,4,0,0
BRDA:48,4,1,0
BRDA:48,5,0,0
BRDA:48,5,1,0
BRDA:58,6,0,0
BRDA:58,6,1,0
BRDA:58,6,2,0
BRDA:59,7,0,0
BRDA:59,7,1,0
BRDA:59,8,0,0
BRDA:59,8,1,0
BRDA:61,9,0,0
BRDA:61,9,1,0
BRDA:61,10,0,0
BRDA:61,10,1,0
BRDA:65,11,0,0
BRDA:65,11,1,0
BRDA:67,12,0,0
BRDA:67,12,1,0
BRDA:71,13,0,0
BRDA:71,13,1,0
BRDA:73,14,0,0
BRDA:73,14,1,0
BRDA:73,15,0,0
BRDA:73,15,1,0
BRDA:77,16,0,0
BRDA:77,16,1,0
BRDA:81,17,0,0
BRDA:81,17,1,0
BRDA:86,18,0,0
BRDA:86,18,1,0
BRDA:87,19,0,0
BRDA:87,19,1,0
BRDA:90,20,0,0
BRDA:90,20,1,0
BRDA:95,21,0,0
BRDA:95,21,1,0
BRDA:103,22,0,0
BRDA:103,22,1,0
BRDA:119,23,0,0
BRDA:119,23,1,0
BRDA:139,24,0,0
BRDA:139,24,1,0
BRDA:139,24,2,0
BRDA:155,25,0,0
BRDA:155,25,1,0
BRDA:167,26,0,0
BRDA:167,26,1,0
BRDA:170,27,0,0
BRDA:170,27,1,0
BRDA:193,28,0,0
BRDA:193,28,1,0
BRDA:193,28,2,0
BRDA:193,28,3,0
BRDA:201,29,0,0
BRDA:201,29,1,0
BRF:64
BRH:0
end_of_record
TN:
SF:components\ErrorMessage.tsx
FN:11,(anonymous_0)
FNF:1
FNH:0
FNDA:0,(anonymous_0)
DA:11,0
DA:16,0
DA:32,0
LF:3
LH:0
BRDA:14,0,0,0
BRDA:19,1,0,0
BRDA:19,1,1,0
BRF:3
BRH:0
end_of_record
TN:
SF:components\Loader.tsx
FN:11,(anonymous_0)
FNF:1
FNH:0
FNDA:0,(anonymous_0)
DA:11,0
DA:15,0
DA:23,0
LF:3
LH:0
BRDA:13,0,0,0
BRDA:18,1,0,0
BRDA:18,1,1,0
BRF:3
BRH:0
end_of_record
TN:
SF:components\MediaCard.tsx
FN:24,(anonymous_0)
FN:60,(anonymous_1)
FN:61,(anonymous_2)
FN:144,(anonymous_3)
FN:168,(anonymous_4)
FNF:5
FNH:0
FNDA:0,(anonymous_0)
FNDA:0,(anonymous_1)
FNDA:0,(anonymous_2)
FNDA:0,(anonymous_3)
FNDA:0,(anonymous_4)
DA:24,0
DA:26,0
DA:28,0
DA:31,0
DA:32,0
DA:33,0
DA:36,0
DA:39,0
DA:44,0
DA:48,0
DA:49,0
DA:51,0
DA:58,0
DA:61,0
DA:62,0
DA:67,0
DA:71,0
DA:145,0
DA:169,0
DA:194,0
LF:20
LH:0
BRDA:31,0,0,0
BRDA:31,0,1,0
BRDA:32,1,0,0
BRDA:32,1,1,0
BRDA:32,2,0,0
BRDA:32,2,1,0
BRDA:41,3,0,0
BRDA:41,3,1,0
BRDA:44,4,0,0
BRDA:44,4,1,0
BRDA:48,5,0,0
BRDA:48,5,1,0
BRDA:48,5,2,0
BRDA:49,6,0,0
BRDA:49,6,1,0
BRDA:51,7,0,0
BRDA:51,7,1,0
BRDA:53,8,0,0
BRDA:53,8,1,0
BRDA:62,9,0,0
BRDA:62,9,1,0
BRDA:67,10,0,0
BRDA:67,10,1,0
BRDA:77,11,0,0
BRDA:77,11,1,0
BRDA:77,12,0,0
BRDA:77,12,1,0
BRDA:114,13,0,0
BRDA:114,13,1,0
BRDA:114,13,2,0
BRDA:124,14,0,0
BRDA:124,14,1,0
BRDA:142,15,0,0
BRDA:142,15,1,0
BRDA:162,16,0,0
BRDA:162,16,1,0
BRDA:166,17,0,0
BRDA:166,17,1,0
BRDA:176,18,0,0
BRDA:176,18,1,0
BRF:40
BRH:0
end_of_record
TN:
SF:components\RatingStars.tsx
FN:14,(anonymous_0)
FNF:1
FNH:0
FNDA:0,(anonymous_0)
DA:14,0
DA:23,0
DA:24,0
DA:27,0
DA:28,0
DA:29,0
DA:32,0
DA:33,0
DA:34,0
DA:37,0
DA:38,0
DA:49,0
DA:50,0
DA:61,0
DA:62,0
DA:72,0
DA:86,0
LF:17
LH:0
BRDA:16,0,0,0
BRDA:17,1,0,0
BRDA:18,2,0,0
BRDA:20,3,0,0
BRDA:23,4,0,0
BRDA:23,4,1,0
BRDA:29,5,0,0
BRDA:29,5,1,0
BRDA:49,6,0,0
BRDA:49,6,1,0
BRDA:76,7,0,0
BRDA:76,7,1,0
BRDA:79,8,0,0
BRDA:79,8,1,0
BRF:14
BRH:0
end_of_record
TN:
SF:components\StreamingServiceIcon.tsx
FN:30,(anonymous_0)
FNF:1
FNH:0
FNDA:0,(anonymous_0)
DA:7,0
DA:30,0
DA:37,0
DA:39,0
DA:40,0
DA:43,0
DA:55,0
LF:7
LH:0
BRDA:32,0,0,0
BRDA:37,1,0,0
BRDA:37,1,1,0
BRDA:39,2,0,0
BRDA:39,2,1,0
BRF:5
BRH:0
end_of_record
TN:
SF:constants\.env.ts
FNF:0
FNH:0
DA:1,0
LF:1
LH:0
BRF:0
BRH:0
end_of_record
TN:
SF:context\ThemeContext.tsx
FN:69,(anonymous_0)
FN:70,(anonymous_1)
FN:74,(anonymous_2)
FN:77,(anonymous_3)
FN:89,(anonymous_4)
FN:90,(anonymous_5)
FN:105,(anonymous_6)
FN:106,(anonymous_7)
FN:118,(anonymous_8)
FN:119,(anonymous_9)
FNF:10
FNH:0
FNDA:0,(anonymous_0)
FNDA:0,(anonymous_1)
FNDA:0,(anonymous_2)
FNDA:0,(anonymous_3)
FNDA:0,(anonymous_4)
FNDA:0,(anonymous_5)
FNDA:0,(anonymous_6)
FNDA:0,(anonymous_7)
FNDA:0,(anonymous_8)
FNDA:0,(anonymous_9)
DA:8,0
DA:27,0
DA:41,0
DA:65,0
DA:74,0
DA:77,0
DA:78,0
DA:79,0
DA:83,0
DA:86,0
DA:89,0
DA:90,0
DA:91,0
DA:92,0
DA:93,0
DA:94,0
DA:97,0
DA:101,0
DA:105,0
DA:106,0
DA:107,0
DA:108,0
DA:110,0
DA:114,0
DA:118,0
DA:119,0
DA:120,0
DA:121,0
DA:123,0
DA:127,0
LF:30
LH:0
BRDA:83,0,0,0
BRDA:83,0,1,0
BRDA:83,0,2,0
BRDA:86,1,0,0
BRDA:86,1,1,0
BRDA:93,2,0,0
BRDA:93,2,1,0
BRDA:120,3,0,0
BRDA:120,3,1,0
BRDA:121,4,0,0
BRDA:121,4,1,0
BRDA:123,5,0,0
BRDA:123,5,1,0
BRF:13
BRH:0
end_of_record
TN:
SF:hooks\useGenres.ts
FN:5,(anonymous_0)
FN:8,(anonymous_1)
FNF:2
FNH:0
FNDA:0,(anonymous_0)
FNDA:0,(anonymous_1)
DA:5,0
DA:6,0
DA:9,0
DA:14,0
LF:4
LH:0
BRDA:15,0,0,0
BRDA:15,0,1,0
BRF:2
BRH:0
end_of_record
TN:
SF:hooks\usePreferences.ts
FN:17,(anonymous_0)
FN:23,(anonymous_1)
FN:24,(anonymous_2)
FN:44,(anonymous_3)
FN:57,(anonymous_4)
FN:59,(anonymous_5)
FN:70,(anonymous_6)
FN:88,(anonymous_7)
FNF:8
FNH:0
FNDA:0,(anonymous_0)
FNDA:0,(anonymous_1)
FNDA:0,(anonymous_2)
FNDA:0,(anonymous_3)
FNDA:0,(anonymous_4)
FNDA:0,(anonymous_5)
FNDA:0,(anonymous_6)
FNDA:0,(anonymous_7)
DA:6,0
DA:8,0
DA:17,0
DA:18,0
DA:19,0
DA:20,0
DA:23,0
DA:24,0
DA:25,0
DA:26,0
DA:28,0
DA:29,0
DA:32,0
DA:34,0
DA:35,0
DA:36,0
DA:40,0
DA:44,0
DA:45,0
DA:46,0
DA:47,0
DA:48,0
DA:50,0
DA:51,0
DA:52,0
DA:57,0
DA:59,0
DA:61,0
DA:66,0
DA:70,0
DA:72,0
DA:73,0
DA:74,0
DA:76,0
DA:84,0
DA:88,0
DA:89,0
DA:94,0
DA:97,0
LF:39
LH:0
BRDA:28,0,0,0
BRDA:28,0,1,0
BRDA:35,1,0,0
BRDA:35,1,1,0
BRDA:51,2,0,0
BRDA:51,2,1,0
BRDA:59,3,0,0
BRDA:59,3,1,0
BRF:8
BRH:0
end_of_record
TN:
SF:hooks\useRecommendations.ts
FN:7,(anonymous_0)
FN:36,(anonymous_1)
FN:76,(anonymous_2)
FN:106,(anonymous_3)
FN:113,(anonymous_4)
FN:130,(anonymous_5)
FN:134,(anonymous_6)
FN:135,(anonymous_7)
FN:181,(anonymous_8)
FN:209,(anonymous_9)
FNF:10
FNH:0
FNDA:0,(anonymous_0)
FNDA:0,(anonymous_1)
FNDA:0,(anonymous_2)
FNDA:0,(anonymous_3)
FNDA:0,(anonymous_4)
FNDA:0,(anonymous_5)
FNDA:0,(anonymous_6)
FNDA:0,(anonymous_7)
FNDA:0,(anonymous_8)
FNDA:0,(anonymous_9)
DA:7,0
DA:13,0
DA:14,0
DA:17,0
DA:22,0
DA:23,0
DA:26,0
DA:37,0
DA:39,0
DA:40,0
DA:41,0
DA:45,0
DA:47,0
DA:48,0
DA:51,0
DA:53,0
DA:66,0
DA:77,0
DA:79,0
DA:80,0
DA:81,0
DA:85,0
DA:87,0
DA:88,0
DA:91,0
DA:93,0
DA:106,0
DA:107,0
DA:108,0
DA:109,0
DA:113,0
DA:114,0
DA:115,0
DA:117,0
DA:119,0
DA:120,0
DA:123,0
DA:125,0
DA:126,0
DA:130,0
DA:134,0
DA:135,0
DA:139,0
DA:141,0
DA:142,0
DA:143,0
DA:145,0
DA:146,0
DA:147,0
DA:150,0
DA:151,0
DA:154,0
DA:155,0
DA:156,0
DA:158,0
DA:159,0
DA:160,0
DA:162,0
DA:163,0
DA:167,0
DA:173,0
DA:178,0
DA:181,0
DA:182,0
DA:194,0
DA:195,0
DA:198,0
DA:199,0
DA:200,0
DA:202,0
DA:203,0
DA:204,0
DA:209,0
DA:210,0
DA:225,0
LF:75
LH:0
BRDA:8,0,0,0
BRDA:9,1,0,0
BRDA:17,2,0,0
BRDA:17,2,1,0
BRDA:39,3,0,0
BRDA:39,3,1,0
BRDA:45,4,0,0
BRDA:45,4,1,0
BRDA:47,5,0,0
BRDA:47,5,1,0
BRDA:61,6,0,0
BRDA:61,6,1,0
BRDA:61,6,2,0
BRDA:79,7,0,0
BRDA:79,7,1,0
BRDA:85,8,0,0
BRDA:85,8,1,0
BRDA:87,9,0,0
BRDA:87,9,1,0
BRDA:101,10,0,0
BRDA:101,10,1,0
BRDA:101,10,2,0
BRDA:114,11,0,0
BRDA:114,11,1,0
BRDA:115,12,0,0
BRDA:115,12,1,0
BRDA:119,13,0,0
BRDA:119,13,1,0
BRDA:120,14,0,0
BRDA:120,14,1,0
BRDA:125,15,0,0
BRDA:125,15,1,0
BRDA:139,16,0,0
BRDA:139,16,1,0
BRDA:139,16,2,0
BRDA:139,16,3,0
BRDA:139,16,4,0
BRDA:141,17,0,0
BRDA:141,17,1,0
BRDA:142,18,0,0
BRDA:142,18,1,0
BRDA:145,19,0,0
BRDA:145,19,1,0
BRDA:146,20,0,0
BRDA:146,20,1,0
BRDA:150,21,0,0
BRDA:150,21,1,0
BRDA:151,22,0,0
BRDA:151,22,1,0
BRDA:154,23,0,0
BRDA:154,23,1,0
BRDA:155,24,0,0
BRDA:155,24,1,0
BRDA:158,25,0,0
BRDA:158,25,1,0
BRDA:159,26,0,0
BRDA:159,26,1,0
BRDA:162,27,0,0
BRDA:162,27,1,0
BRDA:163,28,0,0
BRDA:163,28,1,0
BRDA:167,29,0,0
BRDA:167,29,1,0
BRDA:173,30,0,0
BRDA:173,30,1,0
BRDA:173,30,2,0
BRDA:173,30,3,0
BRDA:174,31,0,0
BRDA:174,31,1,0
BRDA:175,32,0,0
BRDA:175,32,1,0
BRDA:176,33,0,0
BRDA:176,33,1,0
BRDA:176,34,0,0
BRDA:176,34,1,0
BRDA:178,35,0,0
BRDA:178,35,1,0
BRDA:178,35,2,0
BRDA:186,36,0,0
BRDA:186,36,1,0
BRDA:188,37,0,0
BRDA:188,37,1,0
BRDA:188,38,0,0
BRDA:188,38,1,0
BRDA:189,39,0,0
BRDA:189,39,1,0
BRDA:190,40,0,0
BRDA:190,40,1,0
BRDA:198,41,0,0
BRDA:198,41,1,0
BRDA:198,42,0,0
BRDA:198,42,1,0
BRDA:202,43,0,0
BRDA:202,43,1,0
BRDA:202,44,0,0
BRDA:202,44,1,0
BRDA:215,45,0,0
BRDA:215,45,1,0
BRDA:216,46,0,0
BRDA:216,46,1,0
BRDA:216,47,0,0
BRDA:216,47,1,0
BRDA:219,48,0,0
BRDA:219,48,1,0
BRDA:220,49,0,0
BRDA:220,49,1,0
BRDA:230,50,0,0
BRDA:230,50,1,0
BRDA:231,51,0,0
BRDA:231,51,1,0
BRF:110
BRH:0
end_of_record
TN:
SF:hooks\useWatchProviders.ts
FN:4,(anonymous_0)
FN:7,(anonymous_1)
FNF:2
FNH:0
FNDA:0,(anonymous_0)
FNDA:0,(anonymous_1)
DA:4,0
DA:5,0
DA:7,0
DA:12,0
LF:4
LH:0
BRDA:8,0,0,0
BRDA:8,0,1,0
BRDA:17,1,0,0
BRDA:17,1,1,0
BRDA:19,2,0,0
BRDA:19,2,1,0
BRDA:21,3,0,0
BRDA:21,3,1,0
BRF:8
BRH:0
end_of_record
TN:
SF:localization\i18n.ts
FNF:0
FNH:0
DA:7,0
DA:13,0
DA:16,0
DA:17,0
LF:4
LH:0
BRDA:13,0,0,0
BRDA:13,0,1,0
BRF:2
BRH:0
end_of_record
TN:
SF:services\tmdbService.ts
FN:23,(anonymous_0)
FN:24,(anonymous_1)
FN:32,(anonymous_2)
FN:74,(anonymous_3)
FN:84,(anonymous_4)
FN:126,(anonymous_5)
FN:136,(anonymous_6)
FN:149,(anonymous_7)
FN:162,(anonymous_8)
FN:189,(anonymous_9)
FN:199,(anonymous_10)
FN:235,(anonymous_11)
FN:240,(anonymous_12)
FN:257,(anonymous_13)
FN:263,(anonymous_14)
FN:278,(anonymous_15)
FN:279,(anonymous_16)
FN:285,(anonymous_17)
FN:293,(anonymous_18)
FNF:19
FNH:0
FNDA:0,(anonymous_0)
FNDA:0,(anonymous_1)
FNDA:0,(anonymous_2)
FNDA:0,(anonymous_3)
FNDA:0,(anonymous_4)
FNDA:0,(anonymous_5)
FNDA:0,(anonymous_6)
FNDA:0,(anonymous_7)
FNDA:0,(anonymous_8)
FNDA:0,(anonymous_9)
FNDA:0,(anonymous_10)
FNDA:0,(anonymous_11)
FNDA:0,(anonymous_12)
FNDA:0,(anonymous_13)
FNDA:0,(anonymous_14)
FNDA:0,(anonymous_15)
FNDA:0,(anonymous_16)
FNDA:0,(anonymous_17)
FNDA:0,(anonymous_18)
DA:12,0
DA:22,0
DA:23,0
DA:25,0
DA:26,0
DA:30,0
DA:39,0
DA:42,0
DA:46,0
DA:48,0
DA:49,0
DA:51,0
DA:53,0
DA:57,0
DA:58,0
DA:61,0
DA:62,0
DA:65,0
DA:67,0
DA:69,0
DA:72,0
DA:74,0
DA:80,0
DA:91,0
DA:94,0
DA:98,0
DA:100,0
DA:101,0
DA:103,0
DA:105,0
DA:109,0
DA:110,0
DA:113,0
DA:114,0
DA:117,0
DA:119,0
DA:121,0
DA:124,0
DA:126,0
DA:132,0
DA:137,0
DA:141,0
DA:142,0
DA:150,0
DA:154,0
DA:155,0
DA:168,0
DA:175,0
DA:176,0
DA:177,0
DA:180,0
DA:181,0
DA:182,0
DA:185,0
DA:188,0
DA:189,0
DA:192,0
DA:200,0
DA:202,0
DA:216,0
DA:217,0
DA:218,0
DA:222,0
DA:223,0
DA:224,0
DA:228,0
DA:229,0
DA:232,0
DA:235,0
DA:236,0
DA:240,0
DA:241,0
DA:245,0
DA:247,0
DA:249,0
DA:251,0
DA:252,0
DA:258,0
DA:259,0
DA:264,0
DA:266,0
DA:271,0
DA:272,0
DA:275,0
DA:278,0
DA:279,0
DA:280,0
DA:285,0
DA:287,0
DA:288,0
DA:294,0
DA:295,0
DA:298,0
DA:299,0
DA:300,0
DA:304,0
DA:306,0
DA:307,0
LF:98
LH:0
BRDA:25,0,0,0
BRDA:25,0,1,0
BRDA:33,1,0,0
BRDA:37,2,0,0
BRDA:42,3,0,0
BRDA:42,3,1,0
BRDA:42,4,0,0
BRDA:42,4,1,0
BRDA:42,4,2,0
BRDA:42,4,3,0
BRDA:42,4,4,0
BRDA:46,5,0,0
BRDA:46,5,1,0
BRDA:48,6,0,0
BRDA:48,6,1,0
BRDA:57,7,0,0
BRDA:57,7,1,0
BRDA:61,8,0,0
BRDA:61,8,1,0
BRDA:85,9,0,0
BRDA:89,10,0,0
BRDA:94,11,0,0
BRDA:94,11,1,0
BRDA:94,12,0,0
BRDA:94,12,1,0
BRDA:94,12,2,0
BRDA:94,12,3,0
BRDA:94,12,4,0
BRDA:98,13,0,0
BRDA:98,13,1,0
BRDA:100,14,0,0
BRDA:100,14,1,0
BRDA:109,15,0,0
BRDA:109,15,1,0
BRDA:113,16,0,0
BRDA:113,16,1,0
BRDA:164,17,0,0
BRDA:175,18,0,0
BRDA:175,18,1,0
BRDA:180,19,0,0
BRDA:180,19,1,0
BRDA:189,20,0,0
BRDA:189,20,1,0
BRDA:216,21,0,0
BRDA:216,21,1,0
BRDA:216,22,0,0
BRDA:216,22,1,0
BRDA:216,22,2,0
BRDA:222,23,0,0
BRDA:222,23,1,0
BRDA:222,24,0,0
BRDA:222,24,1,0
BRDA:222,24,2,0
BRDA:257,25,0,0
BRDA:271,26,0,0
BRDA:271,26,1,0
BRDA:272,27,0,0
BRDA:272,27,1,0
BRDA:279,28,0,0
BRDA:279,28,1,0
BRDA:298,29,0,0
BRDA:298,29,1,0
BRDA:298,30,0,0
BRDA:298,30,1,0
BRDA:304,31,0,0
BRDA:304,31,1,0
BRF:66
BRH:0
end_of_record
TN:
SF:types\index.ts
FNF:0
FNH:0
LF:0
LH:0
BRF:0
BRH:0
end_of_record
